2025-08-27 11:36:33,702 [INFO] config.logger_config: ✅ All tables created successfully!
2025-08-27 11:36:33,714 [INFO] config.logger_config: 🔒 Connection closed.
2025-08-27 11:36:53,807 [INFO] config.logger_config: ✅ Successfully load data/subsampling/business.json → stg.stg_business
2025-08-27 11:37:04,587 [INFO] config.logger_config: ✅ Successfully load data/subsampling/review.json → stg.stg_review
2025-08-27 11:38:14,325 [INFO] config.logger_config: ✅ Successfully load data/subsampling/user.json → stg.stg_user
2025-08-27 11:38:48,444 [INFO] config.logger_config: ✅ Successfully load data/subsampling/tip.json → stg.stg_tip
2025-08-27 11:39:21,336 [INFO] config.logger_config: ✅ Successfully load data/subsampling/checkin.json → stg.stg_checkin
2025-08-27 11:39:21,976 [INFO] py4j.clientserver: Closing down clientserver connection
2025-08-27 11:51:07,539 [INFO] config.logger_config: ▶️ Start reading table stg.stg_business from database postgres
2025-08-27 11:51:26,515 [INFO] config.logger_config: ✅ Successfully read stg.stg_business (rows: 150346)
2025-08-27 11:51:26,931 [INFO] config.logger_config: ✅ Successful transform dim_location!
2025-08-27 11:51:45,573 [INFO] py4j.clientserver: Closing down clientserver connection
2025-08-27 11:54:41,852 [INFO] config.logger_config: ✅ All tables created successfully!
2025-08-27 11:54:41,853 [INFO] config.logger_config: 🔒 Connection closed.
2025-08-27 11:54:41,854 [INFO] config.logger_config: ▶️ Start reading table stg.stg_business from database postgres
2025-08-27 11:54:51,841 [INFO] config.logger_config: ✅ Successfully read stg.stg_business (rows: 150346)
2025-08-27 11:54:52,202 [INFO] config.logger_config: ✅ Successful transform dim_location!
2025-08-27 11:55:12,598 [INFO] py4j.clientserver: Closing down clientserver connection
2025-08-27 12:00:32,861 [INFO] config.logger_config: ✅ All tables created successfully!
2025-08-27 12:00:32,862 [INFO] config.logger_config: 🔒 Connection closed.
2025-08-27 12:00:32,862 [INFO] config.logger_config: ▶️ Start reading table stg.stg_business from database postgres
2025-08-27 12:00:51,141 [INFO] config.logger_config: ✅ Successfully read stg.stg_business (rows: 150346)
2025-08-27 12:00:51,145 [INFO] config.logger_config: ▶️ Start reading table dw.dim_location from database postgres
2025-08-27 12:00:52,539 [INFO] config.logger_config: ✅ Successfully read dw.dim_location (rows: 143361)
2025-08-27 12:00:53,284 [INFO] config.logger_config: ✅ Successful transform dim_business!
2025-08-27 12:01:14,431 [INFO] config.logger_config: Successful loaded to dw.dim_business
2025-08-27 12:01:14,459 [INFO] config.logger_config: ▶️ Start reading table stg.stg_business from database postgres
2025-08-27 12:01:19,263 [INFO] config.logger_config: ✅ Successfully read stg.stg_business (rows: 150346)
2025-08-27 12:01:19,809 [INFO] config.logger_config: ✅ Successful transform dim_category!
2025-08-27 12:01:25,725 [INFO] config.logger_config: Successful loaded to dw.dim_category
2025-08-27 12:01:25,731 [INFO] config.logger_config: ▶️ Start reading table stg.stg_business from database postgres
2025-08-27 12:01:26,822 [INFO] config.logger_config: ✅ Successfully read stg.stg_business (rows: 150346)
2025-08-27 12:01:26,826 [INFO] config.logger_config: ▶️ Start reading table dw.dim_business from database postgres
2025-08-27 12:01:27,442 [INFO] config.logger_config: ✅ Successfully read dw.dim_business (rows: 150346)
2025-08-27 12:01:27,444 [INFO] config.logger_config: ▶️ Start reading table dw.dim_category from database postgres
2025-08-27 12:01:27,814 [INFO] config.logger_config: ✅ Successfully read dw.dim_category (rows: 1311)
2025-08-27 12:01:28,088 [INFO] config.logger_config: ✅ Successful transform bridge_category!
2025-08-27 12:01:35,441 [INFO] config.logger_config: Successful loaded to dw.bridge_category
2025-08-27 12:01:36,345 [INFO] py4j.clientserver: Closing down clientserver connection
2025-08-27 12:13:51,356 [INFO] config.logger_config: ✅ All tables created successfully!
2025-08-27 12:13:51,356 [INFO] config.logger_config: 🔒 Connection closed.
2025-08-27 12:13:51,356 [INFO] config.logger_config: ▶️ Start reading table stg.stg_user from database postgres
2025-08-27 12:14:01,599 [INFO] config.logger_config: ✅ Successfully read stg.stg_user (rows: 351896)
2025-08-27 12:14:02,971 [INFO] config.logger_config: ✅ Successful transform dim_user!
2025-08-27 12:14:19,427 [INFO] config.logger_config: Successful loaded to dw.dim_user
2025-08-27 12:14:19,428 [INFO] config.logger_config: ▶️ Start reading table stg.stg_review from database postgres
2025-08-27 12:14:20,794 [INFO] config.logger_config: ✅ Successfully read stg.stg_review (rows: 100000)
2025-08-27 12:14:20,794 [INFO] config.logger_config: ▶️ Start reading table dw.dim_user from database postgres
2025-08-27 12:14:21,540 [INFO] config.logger_config: ✅ Successfully read dw.dim_user (rows: 351896)
2025-08-27 12:14:21,540 [INFO] config.logger_config: ▶️ Start reading table dw.dim_business from database postgres
2025-08-27 12:14:22,038 [INFO] config.logger_config: ✅ Successfully read dw.dim_business (rows: 150346)
2025-08-27 12:14:22,039 [INFO] config.logger_config: ▶️ Start reading table dw.dim_time from database postgres
2025-08-27 12:14:22,392 [INFO] config.logger_config: ✅ Successfully read dw.dim_time (rows: 148033)
2025-08-27 12:14:22,875 [INFO] config.logger_config: ✅ Successful transform fact_review!
2025-08-27 12:14:32,480 [INFO] config.logger_config: Successful loaded to dw.fact_review
2025-08-27 12:14:32,821 [INFO] py4j.clientserver: Closing down clientserver connection
2025-08-27 12:16:24,541 [INFO] config.logger_config: ▶️ Start reading table stg.stg_checkin from database postgres
2025-08-27 12:16:36,146 [INFO] config.logger_config: ✅ Successfully read stg.stg_checkin (rows: 131930)
2025-08-27 12:16:36,150 [INFO] config.logger_config: ▶️ Start reading table dw.dim_business from database postgres
2025-08-27 12:16:36,939 [INFO] config.logger_config: ✅ Successfully read dw.dim_business (rows: 150346)
2025-08-27 12:16:36,940 [INFO] config.logger_config: ▶️ Start reading table dw.dim_time from database postgres
2025-08-27 12:16:37,664 [INFO] config.logger_config: ✅ Successfully read dw.dim_time (rows: 148033)
2025-08-27 12:16:39,304 [INFO] config.logger_config: ✅ Successful transform fact_checkin!
2025-08-27 12:19:46,552 [INFO] config.logger_config: Successful loaded to fact_checkin
2025-08-27 12:19:55,645 [INFO] py4j.clientserver: Closing down clientserver connection
2025-08-27 12:23:43,514 [INFO] config.logger_config: ▶️ Start reading table stg.stg_checkin from database postgres
2025-08-27 12:23:55,915 [INFO] config.logger_config: ✅ Successfully read stg.stg_checkin (rows: 131930)
2025-08-27 12:23:55,916 [INFO] config.logger_config: ▶️ Start reading table dw.dim_business from database postgres
2025-08-27 12:23:59,082 [INFO] config.logger_config: ✅ Successfully read dw.dim_business (rows: 150346)
2025-08-27 12:23:59,083 [INFO] config.logger_config: ▶️ Start reading table dw.dim_time from database postgres
2025-08-27 12:24:03,704 [INFO] config.logger_config: ✅ Successfully read dw.dim_time (rows: 148033)
2025-08-27 12:24:04,889 [INFO] config.logger_config: ✅ Successful transform fact_checkin!
2025-08-27 12:24:51,589 [ERROR] config.logger_config: ❌ Failed to load dw.fact_checkin: An error occurred while calling o107.save.
: org.apache.spark.SparkException: Job aborted due to stage failure: Task 3 in stage 20.0 failed 1 times, most recent failure: Lost task 3.0 in stage 20.0 (TID 25) (10.255.255.254 executor driver): java.sql.BatchUpdateException: Batch entry 937 INSERT INTO dw.fact_checkin ("business_key","time_key","checkin_count") VALUES (('55594'::int4),('2022011914'::int4),('1'::int8)) was aborted: ERROR: insert or update on table "fact_checkin" violates foreign key constraint "fact_checkin_time_key_fkey"
  Detail: Key (time_key)=(2022011914) is not present in table "dim_time".  Call getNextException to see other errors in the batch.
	at org.postgresql.jdbc.BatchResultHandler.handleError(BatchResultHandler.java:165)
	at org.postgresql.core.v3.QueryExecutorImpl.processResults(QueryExecutorImpl.java:2421)
	at org.postgresql.core.v3.QueryExecutorImpl.execute(QueryExecutorImpl.java:580)
	at org.postgresql.jdbc.PgStatement.internalExecuteBatch(PgStatement.java:888)
	at org.postgresql.jdbc.PgStatement.executeBatch(PgStatement.java:912)
	at org.postgresql.jdbc.PgPreparedStatement.executeBatch(PgPreparedStatement.java:1739)
	at org.apache.spark.sql.execution.datasources.jdbc.JdbcUtils$.savePartition(JdbcUtils.scala:748)
	at org.apache.spark.sql.execution.datasources.jdbc.JdbcUtils$.$anonfun$saveTable$1(JdbcUtils.scala:904)
	at org.apache.spark.sql.execution.datasources.jdbc.JdbcUtils$.$anonfun$saveTable$1$adapted(JdbcUtils.scala:903)
	at org.apache.spark.rdd.RDD.$anonfun$foreachPartition$2(RDD.scala:1039)
	at org.apache.spark.rdd.RDD.$anonfun$foreachPartition$2$adapted(RDD.scala:1039)
	at org.apache.spark.SparkContext.$anonfun$runJob$5(SparkContext.scala:2433)
	at org.apache.spark.scheduler.ResultTask.runTask(ResultTask.scala:93)
	at org.apache.spark.TaskContext.runTaskWithListeners(TaskContext.scala:166)
	at org.apache.spark.scheduler.Task.run(Task.scala:141)
	at org.apache.spark.executor.Executor$TaskRunner.$anonfun$run$4(Executor.scala:621)
	at org.apache.spark.util.SparkErrorUtils.tryWithSafeFinally(SparkErrorUtils.scala:64)
	at org.apache.spark.util.SparkErrorUtils.tryWithSafeFinally$(SparkErrorUtils.scala:61)
	at org.apache.spark.util.Utils$.tryWithSafeFinally(Utils.scala:94)
	at org.apache.spark.executor.Executor$TaskRunner.run(Executor.scala:624)
	at java.base/java.util.concurrent.ThreadPoolExecutor.runWorker(ThreadPoolExecutor.java:1128)
	at java.base/java.util.concurrent.ThreadPoolExecutor$Worker.run(ThreadPoolExecutor.java:628)
	at java.base/java.lang.Thread.run(Thread.java:829)
Caused by: org.postgresql.util.PSQLException: ERROR: insert or update on table "fact_checkin" violates foreign key constraint "fact_checkin_time_key_fkey"
  Detail: Key (time_key)=(2022011914) is not present in table "dim_time".
	at org.postgresql.core.v3.QueryExecutorImpl.receiveErrorResponse(QueryExecutorImpl.java:2733)
	at org.postgresql.core.v3.QueryExecutorImpl.processResults(QueryExecutorImpl.java:2420)
	... 21 more

Driver stacktrace:
	at org.apache.spark.scheduler.DAGScheduler.failJobAndIndependentStages(DAGScheduler.scala:2898)
	at org.apache.spark.scheduler.DAGScheduler.$anonfun$abortStage$2(DAGScheduler.scala:2834)
	at org.apache.spark.scheduler.DAGScheduler.$anonfun$abortStage$2$adapted(DAGScheduler.scala:2833)
	at scala.collection.mutable.ResizableArray.foreach(ResizableArray.scala:62)
	at scala.collection.mutable.ResizableArray.foreach$(ResizableArray.scala:55)
	at scala.collection.mutable.ArrayBuffer.foreach(ArrayBuffer.scala:49)
	at org.apache.spark.scheduler.DAGScheduler.abortStage(DAGScheduler.scala:2833)
	at org.apache.spark.scheduler.DAGScheduler.$anonfun$handleTaskSetFailed$1(DAGScheduler.scala:1253)
	at org.apache.spark.scheduler.DAGScheduler.$anonfun$handleTaskSetFailed$1$adapted(DAGScheduler.scala:1253)
	at scala.Option.foreach(Option.scala:407)
	at org.apache.spark.scheduler.DAGScheduler.handleTaskSetFailed(DAGScheduler.scala:1253)
	at org.apache.spark.scheduler.DAGSchedulerEventProcessLoop.doOnReceive(DAGScheduler.scala:3102)
	at org.apache.spark.scheduler.DAGSchedulerEventProcessLoop.onReceive(DAGScheduler.scala:3036)
	at org.apache.spark.scheduler.DAGSchedulerEventProcessLoop.onReceive(DAGScheduler.scala:3025)
	at org.apache.spark.util.EventLoop$$anon$1.run(EventLoop.scala:49)
	at org.apache.spark.scheduler.DAGScheduler.runJob(DAGScheduler.scala:995)
	at org.apache.spark.SparkContext.runJob(SparkContext.scala:2393)
	at org.apache.spark.SparkContext.runJob(SparkContext.scala:2414)
	at org.apache.spark.SparkContext.runJob(SparkContext.scala:2433)
	at org.apache.spark.SparkContext.runJob(SparkContext.scala:2458)
	at org.apache.spark.rdd.RDD.$anonfun$foreachPartition$1(RDD.scala:1039)
	at org.apache.spark.rdd.RDDOperationScope$.withScope(RDDOperationScope.scala:151)
	at org.apache.spark.rdd.RDDOperationScope$.withScope(RDDOperationScope.scala:112)
	at org.apache.spark.rdd.RDD.withScope(RDD.scala:410)
	at org.apache.spark.rdd.RDD.foreachPartition(RDD.scala:1037)
	at org.apache.spark.sql.Dataset.$anonfun$foreachPartition$1(Dataset.scala:3516)
	at scala.runtime.java8.JFunction0$mcV$sp.apply(JFunction0$mcV$sp.java:23)
	at org.apache.spark.sql.Dataset.$anonfun$withNewRDDExecutionId$1(Dataset.scala:4310)
	at org.apache.spark.sql.execution.SQLExecution$.$anonfun$withNewExecutionId$6(SQLExecution.scala:125)
	at org.apache.spark.sql.execution.SQLExecution$.withSQLConfPropagated(SQLExecution.scala:201)
	at org.apache.spark.sql.execution.SQLExecution$.$anonfun$withNewExecutionId$1(SQLExecution.scala:108)
	at org.apache.spark.sql.SparkSession.withActive(SparkSession.scala:900)
	at org.apache.spark.sql.execution.SQLExecution$.withNewExecutionId(SQLExecution.scala:66)
	at org.apache.spark.sql.Dataset.withNewRDDExecutionId(Dataset.scala:4308)
	at org.apache.spark.sql.Dataset.foreachPartition(Dataset.scala:3516)
	at org.apache.spark.sql.execution.datasources.jdbc.JdbcUtils$.saveTable(JdbcUtils.scala:903)
	at org.apache.spark.sql.execution.datasources.jdbc.JdbcRelationProvider.createRelation(JdbcRelationProvider.scala:70)
	at org.apache.spark.sql.execution.datasources.SaveIntoDataSourceCommand.run(SaveIntoDataSourceCommand.scala:48)
	at org.apache.spark.sql.execution.command.ExecutedCommandExec.sideEffectResult$lzycompute(commands.scala:75)
	at org.apache.spark.sql.execution.command.ExecutedCommandExec.sideEffectResult(commands.scala:73)
	at org.apache.spark.sql.execution.command.ExecutedCommandExec.executeCollect(commands.scala:84)
	at org.apache.spark.sql.execution.QueryExecution$$anonfun$eagerlyExecuteCommands$1.$anonfun$applyOrElse$1(QueryExecution.scala:107)
	at org.apache.spark.sql.execution.SQLExecution$.$anonfun$withNewExecutionId$6(SQLExecution.scala:125)
	at org.apache.spark.sql.execution.SQLExecution$.withSQLConfPropagated(SQLExecution.scala:201)
	at org.apache.spark.sql.execution.SQLExecution$.$anonfun$withNewExecutionId$1(SQLExecution.scala:108)
	at org.apache.spark.sql.SparkSession.withActive(SparkSession.scala:900)
	at org.apache.spark.sql.execution.SQLExecution$.withNewExecutionId(SQLExecution.scala:66)
	at org.apache.spark.sql.execution.QueryExecution$$anonfun$eagerlyExecuteCommands$1.applyOrElse(QueryExecution.scala:107)
	at org.apache.spark.sql.execution.QueryExecution$$anonfun$eagerlyExecuteCommands$1.applyOrElse(QueryExecution.scala:98)
	at org.apache.spark.sql.catalyst.trees.TreeNode.$anonfun$transformDownWithPruning$1(TreeNode.scala:461)
	at org.apache.spark.sql.catalyst.trees.CurrentOrigin$.withOrigin(origin.scala:76)
	at org.apache.spark.sql.catalyst.trees.TreeNode.transformDownWithPruning(TreeNode.scala:461)
	at org.apache.spark.sql.catalyst.plans.logical.LogicalPlan.org$apache$spark$sql$catalyst$plans$logical$AnalysisHelper$$super$transformDownWithPruning(LogicalPlan.scala:32)
	at org.apache.spark.sql.catalyst.plans.logical.AnalysisHelper.transformDownWithPruning(AnalysisHelper.scala:267)
	at org.apache.spark.sql.catalyst.plans.logical.AnalysisHelper.transformDownWithPruning$(AnalysisHelper.scala:263)
	at org.apache.spark.sql.catalyst.plans.logical.LogicalPlan.transformDownWithPruning(LogicalPlan.scala:32)
	at org.apache.spark.sql.catalyst.plans.logical.LogicalPlan.transformDownWithPruning(LogicalPlan.scala:32)
	at org.apache.spark.sql.catalyst.trees.TreeNode.transformDown(TreeNode.scala:437)
	at org.apache.spark.sql.execution.QueryExecution.eagerlyExecuteCommands(QueryExecution.scala:98)
	at org.apache.spark.sql.execution.QueryExecution.commandExecuted$lzycompute(QueryExecution.scala:85)
	at org.apache.spark.sql.execution.QueryExecution.commandExecuted(QueryExecution.scala:83)
	at org.apache.spark.sql.execution.QueryExecution.assertCommandExecuted(QueryExecution.scala:142)
	at org.apache.spark.sql.DataFrameWriter.runCommand(DataFrameWriter.scala:869)
	at org.apache.spark.sql.DataFrameWriter.saveToV1Source(DataFrameWriter.scala:391)
	at org.apache.spark.sql.DataFrameWriter.saveInternal(DataFrameWriter.scala:364)
	at org.apache.spark.sql.DataFrameWriter.save(DataFrameWriter.scala:251)
	at java.base/jdk.internal.reflect.NativeMethodAccessorImpl.invoke0(Native Method)
	at java.base/jdk.internal.reflect.NativeMethodAccessorImpl.invoke(NativeMethodAccessorImpl.java:62)
	at java.base/jdk.internal.reflect.DelegatingMethodAccessorImpl.invoke(DelegatingMethodAccessorImpl.java:43)
	at java.base/java.lang.reflect.Method.invoke(Method.java:566)
	at py4j.reflection.MethodInvoker.invoke(MethodInvoker.java:244)
	at py4j.reflection.ReflectionEngine.invoke(ReflectionEngine.java:374)
	at py4j.Gateway.invoke(Gateway.java:282)
	at py4j.commands.AbstractCommand.invokeMethod(AbstractCommand.java:132)
	at py4j.commands.CallCommand.execute(CallCommand.java:79)
	at py4j.ClientServerConnection.waitForCommands(ClientServerConnection.java:182)
	at py4j.ClientServerConnection.run(ClientServerConnection.java:106)
	at java.base/java.lang.Thread.run(Thread.java:829)
Caused by: java.sql.BatchUpdateException: Batch entry 937 INSERT INTO dw.fact_checkin ("business_key","time_key","checkin_count") VALUES (('55594'::int4),('2022011914'::int4),('1'::int8)) was aborted: ERROR: insert or update on table "fact_checkin" violates foreign key constraint "fact_checkin_time_key_fkey"
  Detail: Key (time_key)=(2022011914) is not present in table "dim_time".  Call getNextException to see other errors in the batch.
	at org.postgresql.jdbc.BatchResultHandler.handleError(BatchResultHandler.java:165)
	at org.postgresql.core.v3.QueryExecutorImpl.processResults(QueryExecutorImpl.java:2421)
	at org.postgresql.core.v3.QueryExecutorImpl.execute(QueryExecutorImpl.java:580)
	at org.postgresql.jdbc.PgStatement.internalExecuteBatch(PgStatement.java:888)
	at org.postgresql.jdbc.PgStatement.executeBatch(PgStatement.java:912)
	at org.postgresql.jdbc.PgPreparedStatement.executeBatch(PgPreparedStatement.java:1739)
	at org.apache.spark.sql.execution.datasources.jdbc.JdbcUtils$.savePartition(JdbcUtils.scala:748)
	at org.apache.spark.sql.execution.datasources.jdbc.JdbcUtils$.$anonfun$saveTable$1(JdbcUtils.scala:904)
	at org.apache.spark.sql.execution.datasources.jdbc.JdbcUtils$.$anonfun$saveTable$1$adapted(JdbcUtils.scala:903)
	at org.apache.spark.rdd.RDD.$anonfun$foreachPartition$2(RDD.scala:1039)
	at org.apache.spark.rdd.RDD.$anonfun$foreachPartition$2$adapted(RDD.scala:1039)
	at org.apache.spark.SparkContext.$anonfun$runJob$5(SparkContext.scala:2433)
	at org.apache.spark.scheduler.ResultTask.runTask(ResultTask.scala:93)
	at org.apache.spark.TaskContext.runTaskWithListeners(TaskContext.scala:166)
	at org.apache.spark.scheduler.Task.run(Task.scala:141)
	at org.apache.spark.executor.Executor$TaskRunner.$anonfun$run$4(Executor.scala:621)
	at org.apache.spark.util.SparkErrorUtils.tryWithSafeFinally(SparkErrorUtils.scala:64)
	at org.apache.spark.util.SparkErrorUtils.tryWithSafeFinally$(SparkErrorUtils.scala:61)
	at org.apache.spark.util.Utils$.tryWithSafeFinally(Utils.scala:94)
	at org.apache.spark.executor.Executor$TaskRunner.run(Executor.scala:624)
	at java.base/java.util.concurrent.ThreadPoolExecutor.runWorker(ThreadPoolExecutor.java:1128)
	at java.base/java.util.concurrent.ThreadPoolExecutor$Worker.run(ThreadPoolExecutor.java:628)
	... 1 more
Caused by: org.postgresql.util.PSQLException: ERROR: insert or update on table "fact_checkin" violates foreign key constraint "fact_checkin_time_key_fkey"
  Detail: Key (time_key)=(2022011914) is not present in table "dim_time".
	at org.postgresql.core.v3.QueryExecutorImpl.receiveErrorResponse(QueryExecutorImpl.java:2733)
	at org.postgresql.core.v3.QueryExecutorImpl.processResults(QueryExecutorImpl.java:2420)
	... 21 more

2025-08-27 12:24:51,699 [ERROR] config.logger_config: Lỗi ở ETL, An error occurred while calling o107.save.
: org.apache.spark.SparkException: Job aborted due to stage failure: Task 3 in stage 20.0 failed 1 times, most recent failure: Lost task 3.0 in stage 20.0 (TID 25) (10.255.255.254 executor driver): java.sql.BatchUpdateException: Batch entry 937 INSERT INTO dw.fact_checkin ("business_key","time_key","checkin_count") VALUES (('55594'::int4),('2022011914'::int4),('1'::int8)) was aborted: ERROR: insert or update on table "fact_checkin" violates foreign key constraint "fact_checkin_time_key_fkey"
  Detail: Key (time_key)=(2022011914) is not present in table "dim_time".  Call getNextException to see other errors in the batch.
	at org.postgresql.jdbc.BatchResultHandler.handleError(BatchResultHandler.java:165)
	at org.postgresql.core.v3.QueryExecutorImpl.processResults(QueryExecutorImpl.java:2421)
	at org.postgresql.core.v3.QueryExecutorImpl.execute(QueryExecutorImpl.java:580)
	at org.postgresql.jdbc.PgStatement.internalExecuteBatch(PgStatement.java:888)
	at org.postgresql.jdbc.PgStatement.executeBatch(PgStatement.java:912)
	at org.postgresql.jdbc.PgPreparedStatement.executeBatch(PgPreparedStatement.java:1739)
	at org.apache.spark.sql.execution.datasources.jdbc.JdbcUtils$.savePartition(JdbcUtils.scala:748)
	at org.apache.spark.sql.execution.datasources.jdbc.JdbcUtils$.$anonfun$saveTable$1(JdbcUtils.scala:904)
	at org.apache.spark.sql.execution.datasources.jdbc.JdbcUtils$.$anonfun$saveTable$1$adapted(JdbcUtils.scala:903)
	at org.apache.spark.rdd.RDD.$anonfun$foreachPartition$2(RDD.scala:1039)
	at org.apache.spark.rdd.RDD.$anonfun$foreachPartition$2$adapted(RDD.scala:1039)
	at org.apache.spark.SparkContext.$anonfun$runJob$5(SparkContext.scala:2433)
	at org.apache.spark.scheduler.ResultTask.runTask(ResultTask.scala:93)
	at org.apache.spark.TaskContext.runTaskWithListeners(TaskContext.scala:166)
	at org.apache.spark.scheduler.Task.run(Task.scala:141)
	at org.apache.spark.executor.Executor$TaskRunner.$anonfun$run$4(Executor.scala:621)
	at org.apache.spark.util.SparkErrorUtils.tryWithSafeFinally(SparkErrorUtils.scala:64)
	at org.apache.spark.util.SparkErrorUtils.tryWithSafeFinally$(SparkErrorUtils.scala:61)
	at org.apache.spark.util.Utils$.tryWithSafeFinally(Utils.scala:94)
	at org.apache.spark.executor.Executor$TaskRunner.run(Executor.scala:624)
	at java.base/java.util.concurrent.ThreadPoolExecutor.runWorker(ThreadPoolExecutor.java:1128)
	at java.base/java.util.concurrent.ThreadPoolExecutor$Worker.run(ThreadPoolExecutor.java:628)
	at java.base/java.lang.Thread.run(Thread.java:829)
Caused by: org.postgresql.util.PSQLException: ERROR: insert or update on table "fact_checkin" violates foreign key constraint "fact_checkin_time_key_fkey"
  Detail: Key (time_key)=(2022011914) is not present in table "dim_time".
	at org.postgresql.core.v3.QueryExecutorImpl.receiveErrorResponse(QueryExecutorImpl.java:2733)
	at org.postgresql.core.v3.QueryExecutorImpl.processResults(QueryExecutorImpl.java:2420)
	... 21 more

Driver stacktrace:
	at org.apache.spark.scheduler.DAGScheduler.failJobAndIndependentStages(DAGScheduler.scala:2898)
	at org.apache.spark.scheduler.DAGScheduler.$anonfun$abortStage$2(DAGScheduler.scala:2834)
	at org.apache.spark.scheduler.DAGScheduler.$anonfun$abortStage$2$adapted(DAGScheduler.scala:2833)
	at scala.collection.mutable.ResizableArray.foreach(ResizableArray.scala:62)
	at scala.collection.mutable.ResizableArray.foreach$(ResizableArray.scala:55)
	at scala.collection.mutable.ArrayBuffer.foreach(ArrayBuffer.scala:49)
	at org.apache.spark.scheduler.DAGScheduler.abortStage(DAGScheduler.scala:2833)
	at org.apache.spark.scheduler.DAGScheduler.$anonfun$handleTaskSetFailed$1(DAGScheduler.scala:1253)
	at org.apache.spark.scheduler.DAGScheduler.$anonfun$handleTaskSetFailed$1$adapted(DAGScheduler.scala:1253)
	at scala.Option.foreach(Option.scala:407)
	at org.apache.spark.scheduler.DAGScheduler.handleTaskSetFailed(DAGScheduler.scala:1253)
	at org.apache.spark.scheduler.DAGSchedulerEventProcessLoop.doOnReceive(DAGScheduler.scala:3102)
	at org.apache.spark.scheduler.DAGSchedulerEventProcessLoop.onReceive(DAGScheduler.scala:3036)
	at org.apache.spark.scheduler.DAGSchedulerEventProcessLoop.onReceive(DAGScheduler.scala:3025)
	at org.apache.spark.util.EventLoop$$anon$1.run(EventLoop.scala:49)
	at org.apache.spark.scheduler.DAGScheduler.runJob(DAGScheduler.scala:995)
	at org.apache.spark.SparkContext.runJob(SparkContext.scala:2393)
	at org.apache.spark.SparkContext.runJob(SparkContext.scala:2414)
	at org.apache.spark.SparkContext.runJob(SparkContext.scala:2433)
	at org.apache.spark.SparkContext.runJob(SparkContext.scala:2458)
	at org.apache.spark.rdd.RDD.$anonfun$foreachPartition$1(RDD.scala:1039)
	at org.apache.spark.rdd.RDDOperationScope$.withScope(RDDOperationScope.scala:151)
	at org.apache.spark.rdd.RDDOperationScope$.withScope(RDDOperationScope.scala:112)
	at org.apache.spark.rdd.RDD.withScope(RDD.scala:410)
	at org.apache.spark.rdd.RDD.foreachPartition(RDD.scala:1037)
	at org.apache.spark.sql.Dataset.$anonfun$foreachPartition$1(Dataset.scala:3516)
	at scala.runtime.java8.JFunction0$mcV$sp.apply(JFunction0$mcV$sp.java:23)
	at org.apache.spark.sql.Dataset.$anonfun$withNewRDDExecutionId$1(Dataset.scala:4310)
	at org.apache.spark.sql.execution.SQLExecution$.$anonfun$withNewExecutionId$6(SQLExecution.scala:125)
	at org.apache.spark.sql.execution.SQLExecution$.withSQLConfPropagated(SQLExecution.scala:201)
	at org.apache.spark.sql.execution.SQLExecution$.$anonfun$withNewExecutionId$1(SQLExecution.scala:108)
	at org.apache.spark.sql.SparkSession.withActive(SparkSession.scala:900)
	at org.apache.spark.sql.execution.SQLExecution$.withNewExecutionId(SQLExecution.scala:66)
	at org.apache.spark.sql.Dataset.withNewRDDExecutionId(Dataset.scala:4308)
	at org.apache.spark.sql.Dataset.foreachPartition(Dataset.scala:3516)
	at org.apache.spark.sql.execution.datasources.jdbc.JdbcUtils$.saveTable(JdbcUtils.scala:903)
	at org.apache.spark.sql.execution.datasources.jdbc.JdbcRelationProvider.createRelation(JdbcRelationProvider.scala:70)
	at org.apache.spark.sql.execution.datasources.SaveIntoDataSourceCommand.run(SaveIntoDataSourceCommand.scala:48)
	at org.apache.spark.sql.execution.command.ExecutedCommandExec.sideEffectResult$lzycompute(commands.scala:75)
	at org.apache.spark.sql.execution.command.ExecutedCommandExec.sideEffectResult(commands.scala:73)
	at org.apache.spark.sql.execution.command.ExecutedCommandExec.executeCollect(commands.scala:84)
	at org.apache.spark.sql.execution.QueryExecution$$anonfun$eagerlyExecuteCommands$1.$anonfun$applyOrElse$1(QueryExecution.scala:107)
	at org.apache.spark.sql.execution.SQLExecution$.$anonfun$withNewExecutionId$6(SQLExecution.scala:125)
	at org.apache.spark.sql.execution.SQLExecution$.withSQLConfPropagated(SQLExecution.scala:201)
	at org.apache.spark.sql.execution.SQLExecution$.$anonfun$withNewExecutionId$1(SQLExecution.scala:108)
	at org.apache.spark.sql.SparkSession.withActive(SparkSession.scala:900)
	at org.apache.spark.sql.execution.SQLExecution$.withNewExecutionId(SQLExecution.scala:66)
	at org.apache.spark.sql.execution.QueryExecution$$anonfun$eagerlyExecuteCommands$1.applyOrElse(QueryExecution.scala:107)
	at org.apache.spark.sql.execution.QueryExecution$$anonfun$eagerlyExecuteCommands$1.applyOrElse(QueryExecution.scala:98)
	at org.apache.spark.sql.catalyst.trees.TreeNode.$anonfun$transformDownWithPruning$1(TreeNode.scala:461)
	at org.apache.spark.sql.catalyst.trees.CurrentOrigin$.withOrigin(origin.scala:76)
	at org.apache.spark.sql.catalyst.trees.TreeNode.transformDownWithPruning(TreeNode.scala:461)
	at org.apache.spark.sql.catalyst.plans.logical.LogicalPlan.org$apache$spark$sql$catalyst$plans$logical$AnalysisHelper$$super$transformDownWithPruning(LogicalPlan.scala:32)
	at org.apache.spark.sql.catalyst.plans.logical.AnalysisHelper.transformDownWithPruning(AnalysisHelper.scala:267)
	at org.apache.spark.sql.catalyst.plans.logical.AnalysisHelper.transformDownWithPruning$(AnalysisHelper.scala:263)
	at org.apache.spark.sql.catalyst.plans.logical.LogicalPlan.transformDownWithPruning(LogicalPlan.scala:32)
	at org.apache.spark.sql.catalyst.plans.logical.LogicalPlan.transformDownWithPruning(LogicalPlan.scala:32)
	at org.apache.spark.sql.catalyst.trees.TreeNode.transformDown(TreeNode.scala:437)
	at org.apache.spark.sql.execution.QueryExecution.eagerlyExecuteCommands(QueryExecution.scala:98)
	at org.apache.spark.sql.execution.QueryExecution.commandExecuted$lzycompute(QueryExecution.scala:85)
	at org.apache.spark.sql.execution.QueryExecution.commandExecuted(QueryExecution.scala:83)
	at org.apache.spark.sql.execution.QueryExecution.assertCommandExecuted(QueryExecution.scala:142)
	at org.apache.spark.sql.DataFrameWriter.runCommand(DataFrameWriter.scala:869)
	at org.apache.spark.sql.DataFrameWriter.saveToV1Source(DataFrameWriter.scala:391)
	at org.apache.spark.sql.DataFrameWriter.saveInternal(DataFrameWriter.scala:364)
	at org.apache.spark.sql.DataFrameWriter.save(DataFrameWriter.scala:251)
	at java.base/jdk.internal.reflect.NativeMethodAccessorImpl.invoke0(Native Method)
	at java.base/jdk.internal.reflect.NativeMethodAccessorImpl.invoke(NativeMethodAccessorImpl.java:62)
	at java.base/jdk.internal.reflect.DelegatingMethodAccessorImpl.invoke(DelegatingMethodAccessorImpl.java:43)
	at java.base/java.lang.reflect.Method.invoke(Method.java:566)
	at py4j.reflection.MethodInvoker.invoke(MethodInvoker.java:244)
	at py4j.reflection.ReflectionEngine.invoke(ReflectionEngine.java:374)
	at py4j.Gateway.invoke(Gateway.java:282)
	at py4j.commands.AbstractCommand.invokeMethod(AbstractCommand.java:132)
	at py4j.commands.CallCommand.execute(CallCommand.java:79)
	at py4j.ClientServerConnection.waitForCommands(ClientServerConnection.java:182)
	at py4j.ClientServerConnection.run(ClientServerConnection.java:106)
	at java.base/java.lang.Thread.run(Thread.java:829)
Caused by: java.sql.BatchUpdateException: Batch entry 937 INSERT INTO dw.fact_checkin ("business_key","time_key","checkin_count") VALUES (('55594'::int4),('2022011914'::int4),('1'::int8)) was aborted: ERROR: insert or update on table "fact_checkin" violates foreign key constraint "fact_checkin_time_key_fkey"
  Detail: Key (time_key)=(2022011914) is not present in table "dim_time".  Call getNextException to see other errors in the batch.
	at org.postgresql.jdbc.BatchResultHandler.handleError(BatchResultHandler.java:165)
	at org.postgresql.core.v3.QueryExecutorImpl.processResults(QueryExecutorImpl.java:2421)
	at org.postgresql.core.v3.QueryExecutorImpl.execute(QueryExecutorImpl.java:580)
	at org.postgresql.jdbc.PgStatement.internalExecuteBatch(PgStatement.java:888)
	at org.postgresql.jdbc.PgStatement.executeBatch(PgStatement.java:912)
	at org.postgresql.jdbc.PgPreparedStatement.executeBatch(PgPreparedStatement.java:1739)
	at org.apache.spark.sql.execution.datasources.jdbc.JdbcUtils$.savePartition(JdbcUtils.scala:748)
	at org.apache.spark.sql.execution.datasources.jdbc.JdbcUtils$.$anonfun$saveTable$1(JdbcUtils.scala:904)
	at org.apache.spark.sql.execution.datasources.jdbc.JdbcUtils$.$anonfun$saveTable$1$adapted(JdbcUtils.scala:903)
	at org.apache.spark.rdd.RDD.$anonfun$foreachPartition$2(RDD.scala:1039)
	at org.apache.spark.rdd.RDD.$anonfun$foreachPartition$2$adapted(RDD.scala:1039)
	at org.apache.spark.SparkContext.$anonfun$runJob$5(SparkContext.scala:2433)
	at org.apache.spark.scheduler.ResultTask.runTask(ResultTask.scala:93)
	at org.apache.spark.TaskContext.runTaskWithListeners(TaskContext.scala:166)
	at org.apache.spark.scheduler.Task.run(Task.scala:141)
	at org.apache.spark.executor.Executor$TaskRunner.$anonfun$run$4(Executor.scala:621)
	at org.apache.spark.util.SparkErrorUtils.tryWithSafeFinally(SparkErrorUtils.scala:64)
	at org.apache.spark.util.SparkErrorUtils.tryWithSafeFinally$(SparkErrorUtils.scala:61)
	at org.apache.spark.util.Utils$.tryWithSafeFinally(Utils.scala:94)
	at org.apache.spark.executor.Executor$TaskRunner.run(Executor.scala:624)
	at java.base/java.util.concurrent.ThreadPoolExecutor.runWorker(ThreadPoolExecutor.java:1128)
	at java.base/java.util.concurrent.ThreadPoolExecutor$Worker.run(ThreadPoolExecutor.java:628)
	... 1 more
Caused by: org.postgresql.util.PSQLException: ERROR: insert or update on table "fact_checkin" violates foreign key constraint "fact_checkin_time_key_fkey"
  Detail: Key (time_key)=(2022011914) is not present in table "dim_time".
	at org.postgresql.core.v3.QueryExecutorImpl.receiveErrorResponse(QueryExecutorImpl.java:2733)
	at org.postgresql.core.v3.QueryExecutorImpl.processResults(QueryExecutorImpl.java:2420)
	... 21 more

2025-08-27 12:24:51,823 [INFO] py4j.clientserver: Closing down clientserver connection
2025-08-27 12:31:45,308 [INFO] config.logger_config: ▶️ Start reading table stg.stg_checkin from database postgres
2025-08-27 12:31:55,046 [INFO] config.logger_config: ✅ Successfully read stg.stg_checkin (rows: 131930)
2025-08-27 12:31:55,047 [INFO] config.logger_config: ▶️ Start reading table dw.dim_business from database postgres
2025-08-27 12:31:59,514 [INFO] config.logger_config: ✅ Successfully read dw.dim_business (rows: 150346)
2025-08-27 12:31:59,515 [INFO] config.logger_config: ▶️ Start reading table dw.dim_time from database postgres
2025-08-27 12:32:00,015 [INFO] config.logger_config: ✅ Successfully read dw.dim_time (rows: 148033)
2025-08-27 12:32:00,669 [INFO] config.logger_config: ✅ Successful transform fact_checkin!
2025-08-27 12:32:37,668 [ERROR] config.logger_config: ❌ Failed to load dw.fact_checkin: An error occurred while calling o109.save.
: org.apache.spark.SparkException: Job aborted due to stage failure: Task 3 in stage 20.0 failed 1 times, most recent failure: Lost task 3.0 in stage 20.0 (TID 25) (10.255.255.254 executor driver): java.sql.BatchUpdateException: Batch entry 937 INSERT INTO dw.fact_checkin ("business_key","time_key","checkin_count") VALUES (('55594'::int4),('2022011914'::int4),('1'::int8)) was aborted: ERROR: insert or update on table "fact_checkin" violates foreign key constraint "fact_checkin_time_key_fkey"
  Detail: Key (time_key)=(2022011914) is not present in table "dim_time".  Call getNextException to see other errors in the batch.
	at org.postgresql.jdbc.BatchResultHandler.handleError(BatchResultHandler.java:165)
	at org.postgresql.core.v3.QueryExecutorImpl.processResults(QueryExecutorImpl.java:2421)
	at org.postgresql.core.v3.QueryExecutorImpl.execute(QueryExecutorImpl.java:580)
	at org.postgresql.jdbc.PgStatement.internalExecuteBatch(PgStatement.java:888)
	at org.postgresql.jdbc.PgStatement.executeBatch(PgStatement.java:912)
	at org.postgresql.jdbc.PgPreparedStatement.executeBatch(PgPreparedStatement.java:1739)
	at org.apache.spark.sql.execution.datasources.jdbc.JdbcUtils$.savePartition(JdbcUtils.scala:748)
	at org.apache.spark.sql.execution.datasources.jdbc.JdbcUtils$.$anonfun$saveTable$1(JdbcUtils.scala:904)
	at org.apache.spark.sql.execution.datasources.jdbc.JdbcUtils$.$anonfun$saveTable$1$adapted(JdbcUtils.scala:903)
	at org.apache.spark.rdd.RDD.$anonfun$foreachPartition$2(RDD.scala:1039)
	at org.apache.spark.rdd.RDD.$anonfun$foreachPartition$2$adapted(RDD.scala:1039)
	at org.apache.spark.SparkContext.$anonfun$runJob$5(SparkContext.scala:2433)
	at org.apache.spark.scheduler.ResultTask.runTask(ResultTask.scala:93)
	at org.apache.spark.TaskContext.runTaskWithListeners(TaskContext.scala:166)
	at org.apache.spark.scheduler.Task.run(Task.scala:141)
	at org.apache.spark.executor.Executor$TaskRunner.$anonfun$run$4(Executor.scala:621)
	at org.apache.spark.util.SparkErrorUtils.tryWithSafeFinally(SparkErrorUtils.scala:64)
	at org.apache.spark.util.SparkErrorUtils.tryWithSafeFinally$(SparkErrorUtils.scala:61)
	at org.apache.spark.util.Utils$.tryWithSafeFinally(Utils.scala:94)
	at org.apache.spark.executor.Executor$TaskRunner.run(Executor.scala:624)
	at java.base/java.util.concurrent.ThreadPoolExecutor.runWorker(ThreadPoolExecutor.java:1128)
	at java.base/java.util.concurrent.ThreadPoolExecutor$Worker.run(ThreadPoolExecutor.java:628)
	at java.base/java.lang.Thread.run(Thread.java:829)
Caused by: org.postgresql.util.PSQLException: ERROR: insert or update on table "fact_checkin" violates foreign key constraint "fact_checkin_time_key_fkey"
  Detail: Key (time_key)=(2022011914) is not present in table "dim_time".
	at org.postgresql.core.v3.QueryExecutorImpl.receiveErrorResponse(QueryExecutorImpl.java:2733)
	at org.postgresql.core.v3.QueryExecutorImpl.processResults(QueryExecutorImpl.java:2420)
	... 21 more

Driver stacktrace:
	at org.apache.spark.scheduler.DAGScheduler.failJobAndIndependentStages(DAGScheduler.scala:2898)
	at org.apache.spark.scheduler.DAGScheduler.$anonfun$abortStage$2(DAGScheduler.scala:2834)
	at org.apache.spark.scheduler.DAGScheduler.$anonfun$abortStage$2$adapted(DAGScheduler.scala:2833)
	at scala.collection.mutable.ResizableArray.foreach(ResizableArray.scala:62)
	at scala.collection.mutable.ResizableArray.foreach$(ResizableArray.scala:55)
	at scala.collection.mutable.ArrayBuffer.foreach(ArrayBuffer.scala:49)
	at org.apache.spark.scheduler.DAGScheduler.abortStage(DAGScheduler.scala:2833)
	at org.apache.spark.scheduler.DAGScheduler.$anonfun$handleTaskSetFailed$1(DAGScheduler.scala:1253)
	at org.apache.spark.scheduler.DAGScheduler.$anonfun$handleTaskSetFailed$1$adapted(DAGScheduler.scala:1253)
	at scala.Option.foreach(Option.scala:407)
	at org.apache.spark.scheduler.DAGScheduler.handleTaskSetFailed(DAGScheduler.scala:1253)
	at org.apache.spark.scheduler.DAGSchedulerEventProcessLoop.doOnReceive(DAGScheduler.scala:3102)
	at org.apache.spark.scheduler.DAGSchedulerEventProcessLoop.onReceive(DAGScheduler.scala:3036)
	at org.apache.spark.scheduler.DAGSchedulerEventProcessLoop.onReceive(DAGScheduler.scala:3025)
	at org.apache.spark.util.EventLoop$$anon$1.run(EventLoop.scala:49)
	at org.apache.spark.scheduler.DAGScheduler.runJob(DAGScheduler.scala:995)
	at org.apache.spark.SparkContext.runJob(SparkContext.scala:2393)
	at org.apache.spark.SparkContext.runJob(SparkContext.scala:2414)
	at org.apache.spark.SparkContext.runJob(SparkContext.scala:2433)
	at org.apache.spark.SparkContext.runJob(SparkContext.scala:2458)
	at org.apache.spark.rdd.RDD.$anonfun$foreachPartition$1(RDD.scala:1039)
	at org.apache.spark.rdd.RDDOperationScope$.withScope(RDDOperationScope.scala:151)
	at org.apache.spark.rdd.RDDOperationScope$.withScope(RDDOperationScope.scala:112)
	at org.apache.spark.rdd.RDD.withScope(RDD.scala:410)
	at org.apache.spark.rdd.RDD.foreachPartition(RDD.scala:1037)
	at org.apache.spark.sql.Dataset.$anonfun$foreachPartition$1(Dataset.scala:3516)
	at scala.runtime.java8.JFunction0$mcV$sp.apply(JFunction0$mcV$sp.java:23)
	at org.apache.spark.sql.Dataset.$anonfun$withNewRDDExecutionId$1(Dataset.scala:4310)
	at org.apache.spark.sql.execution.SQLExecution$.$anonfun$withNewExecutionId$6(SQLExecution.scala:125)
	at org.apache.spark.sql.execution.SQLExecution$.withSQLConfPropagated(SQLExecution.scala:201)
	at org.apache.spark.sql.execution.SQLExecution$.$anonfun$withNewExecutionId$1(SQLExecution.scala:108)
	at org.apache.spark.sql.SparkSession.withActive(SparkSession.scala:900)
	at org.apache.spark.sql.execution.SQLExecution$.withNewExecutionId(SQLExecution.scala:66)
	at org.apache.spark.sql.Dataset.withNewRDDExecutionId(Dataset.scala:4308)
	at org.apache.spark.sql.Dataset.foreachPartition(Dataset.scala:3516)
	at org.apache.spark.sql.execution.datasources.jdbc.JdbcUtils$.saveTable(JdbcUtils.scala:903)
	at org.apache.spark.sql.execution.datasources.jdbc.JdbcRelationProvider.createRelation(JdbcRelationProvider.scala:70)
	at org.apache.spark.sql.execution.datasources.SaveIntoDataSourceCommand.run(SaveIntoDataSourceCommand.scala:48)
	at org.apache.spark.sql.execution.command.ExecutedCommandExec.sideEffectResult$lzycompute(commands.scala:75)
	at org.apache.spark.sql.execution.command.ExecutedCommandExec.sideEffectResult(commands.scala:73)
	at org.apache.spark.sql.execution.command.ExecutedCommandExec.executeCollect(commands.scala:84)
	at org.apache.spark.sql.execution.QueryExecution$$anonfun$eagerlyExecuteCommands$1.$anonfun$applyOrElse$1(QueryExecution.scala:107)
	at org.apache.spark.sql.execution.SQLExecution$.$anonfun$withNewExecutionId$6(SQLExecution.scala:125)
	at org.apache.spark.sql.execution.SQLExecution$.withSQLConfPropagated(SQLExecution.scala:201)
	at org.apache.spark.sql.execution.SQLExecution$.$anonfun$withNewExecutionId$1(SQLExecution.scala:108)
	at org.apache.spark.sql.SparkSession.withActive(SparkSession.scala:900)
	at org.apache.spark.sql.execution.SQLExecution$.withNewExecutionId(SQLExecution.scala:66)
	at org.apache.spark.sql.execution.QueryExecution$$anonfun$eagerlyExecuteCommands$1.applyOrElse(QueryExecution.scala:107)
	at org.apache.spark.sql.execution.QueryExecution$$anonfun$eagerlyExecuteCommands$1.applyOrElse(QueryExecution.scala:98)
	at org.apache.spark.sql.catalyst.trees.TreeNode.$anonfun$transformDownWithPruning$1(TreeNode.scala:461)
	at org.apache.spark.sql.catalyst.trees.CurrentOrigin$.withOrigin(origin.scala:76)
	at org.apache.spark.sql.catalyst.trees.TreeNode.transformDownWithPruning(TreeNode.scala:461)
	at org.apache.spark.sql.catalyst.plans.logical.LogicalPlan.org$apache$spark$sql$catalyst$plans$logical$AnalysisHelper$$super$transformDownWithPruning(LogicalPlan.scala:32)
	at org.apache.spark.sql.catalyst.plans.logical.AnalysisHelper.transformDownWithPruning(AnalysisHelper.scala:267)
	at org.apache.spark.sql.catalyst.plans.logical.AnalysisHelper.transformDownWithPruning$(AnalysisHelper.scala:263)
	at org.apache.spark.sql.catalyst.plans.logical.LogicalPlan.transformDownWithPruning(LogicalPlan.scala:32)
	at org.apache.spark.sql.catalyst.plans.logical.LogicalPlan.transformDownWithPruning(LogicalPlan.scala:32)
	at org.apache.spark.sql.catalyst.trees.TreeNode.transformDown(TreeNode.scala:437)
	at org.apache.spark.sql.execution.QueryExecution.eagerlyExecuteCommands(QueryExecution.scala:98)
	at org.apache.spark.sql.execution.QueryExecution.commandExecuted$lzycompute(QueryExecution.scala:85)
	at org.apache.spark.sql.execution.QueryExecution.commandExecuted(QueryExecution.scala:83)
	at org.apache.spark.sql.execution.QueryExecution.assertCommandExecuted(QueryExecution.scala:142)
	at org.apache.spark.sql.DataFrameWriter.runCommand(DataFrameWriter.scala:869)
	at org.apache.spark.sql.DataFrameWriter.saveToV1Source(DataFrameWriter.scala:391)
	at org.apache.spark.sql.DataFrameWriter.saveInternal(DataFrameWriter.scala:364)
	at org.apache.spark.sql.DataFrameWriter.save(DataFrameWriter.scala:251)
	at java.base/jdk.internal.reflect.NativeMethodAccessorImpl.invoke0(Native Method)
	at java.base/jdk.internal.reflect.NativeMethodAccessorImpl.invoke(NativeMethodAccessorImpl.java:62)
	at java.base/jdk.internal.reflect.DelegatingMethodAccessorImpl.invoke(DelegatingMethodAccessorImpl.java:43)
	at java.base/java.lang.reflect.Method.invoke(Method.java:566)
	at py4j.reflection.MethodInvoker.invoke(MethodInvoker.java:244)
	at py4j.reflection.ReflectionEngine.invoke(ReflectionEngine.java:374)
	at py4j.Gateway.invoke(Gateway.java:282)
	at py4j.commands.AbstractCommand.invokeMethod(AbstractCommand.java:132)
	at py4j.commands.CallCommand.execute(CallCommand.java:79)
	at py4j.ClientServerConnection.waitForCommands(ClientServerConnection.java:182)
	at py4j.ClientServerConnection.run(ClientServerConnection.java:106)
	at java.base/java.lang.Thread.run(Thread.java:829)
Caused by: java.sql.BatchUpdateException: Batch entry 937 INSERT INTO dw.fact_checkin ("business_key","time_key","checkin_count") VALUES (('55594'::int4),('2022011914'::int4),('1'::int8)) was aborted: ERROR: insert or update on table "fact_checkin" violates foreign key constraint "fact_checkin_time_key_fkey"
  Detail: Key (time_key)=(2022011914) is not present in table "dim_time".  Call getNextException to see other errors in the batch.
	at org.postgresql.jdbc.BatchResultHandler.handleError(BatchResultHandler.java:165)
	at org.postgresql.core.v3.QueryExecutorImpl.processResults(QueryExecutorImpl.java:2421)
	at org.postgresql.core.v3.QueryExecutorImpl.execute(QueryExecutorImpl.java:580)
	at org.postgresql.jdbc.PgStatement.internalExecuteBatch(PgStatement.java:888)
	at org.postgresql.jdbc.PgStatement.executeBatch(PgStatement.java:912)
	at org.postgresql.jdbc.PgPreparedStatement.executeBatch(PgPreparedStatement.java:1739)
	at org.apache.spark.sql.execution.datasources.jdbc.JdbcUtils$.savePartition(JdbcUtils.scala:748)
	at org.apache.spark.sql.execution.datasources.jdbc.JdbcUtils$.$anonfun$saveTable$1(JdbcUtils.scala:904)
	at org.apache.spark.sql.execution.datasources.jdbc.JdbcUtils$.$anonfun$saveTable$1$adapted(JdbcUtils.scala:903)
	at org.apache.spark.rdd.RDD.$anonfun$foreachPartition$2(RDD.scala:1039)
	at org.apache.spark.rdd.RDD.$anonfun$foreachPartition$2$adapted(RDD.scala:1039)
	at org.apache.spark.SparkContext.$anonfun$runJob$5(SparkContext.scala:2433)
	at org.apache.spark.scheduler.ResultTask.runTask(ResultTask.scala:93)
	at org.apache.spark.TaskContext.runTaskWithListeners(TaskContext.scala:166)
	at org.apache.spark.scheduler.Task.run(Task.scala:141)
	at org.apache.spark.executor.Executor$TaskRunner.$anonfun$run$4(Executor.scala:621)
	at org.apache.spark.util.SparkErrorUtils.tryWithSafeFinally(SparkErrorUtils.scala:64)
	at org.apache.spark.util.SparkErrorUtils.tryWithSafeFinally$(SparkErrorUtils.scala:61)
	at org.apache.spark.util.Utils$.tryWithSafeFinally(Utils.scala:94)
	at org.apache.spark.executor.Executor$TaskRunner.run(Executor.scala:624)
	at java.base/java.util.concurrent.ThreadPoolExecutor.runWorker(ThreadPoolExecutor.java:1128)
	at java.base/java.util.concurrent.ThreadPoolExecutor$Worker.run(ThreadPoolExecutor.java:628)
	... 1 more
Caused by: org.postgresql.util.PSQLException: ERROR: insert or update on table "fact_checkin" violates foreign key constraint "fact_checkin_time_key_fkey"
  Detail: Key (time_key)=(2022011914) is not present in table "dim_time".
	at org.postgresql.core.v3.QueryExecutorImpl.receiveErrorResponse(QueryExecutorImpl.java:2733)
	at org.postgresql.core.v3.QueryExecutorImpl.processResults(QueryExecutorImpl.java:2420)
	... 21 more

2025-08-27 12:32:37,772 [ERROR] config.logger_config: Lỗi ở ETL, An error occurred while calling o109.save.
: org.apache.spark.SparkException: Job aborted due to stage failure: Task 3 in stage 20.0 failed 1 times, most recent failure: Lost task 3.0 in stage 20.0 (TID 25) (10.255.255.254 executor driver): java.sql.BatchUpdateException: Batch entry 937 INSERT INTO dw.fact_checkin ("business_key","time_key","checkin_count") VALUES (('55594'::int4),('2022011914'::int4),('1'::int8)) was aborted: ERROR: insert or update on table "fact_checkin" violates foreign key constraint "fact_checkin_time_key_fkey"
  Detail: Key (time_key)=(2022011914) is not present in table "dim_time".  Call getNextException to see other errors in the batch.
	at org.postgresql.jdbc.BatchResultHandler.handleError(BatchResultHandler.java:165)
	at org.postgresql.core.v3.QueryExecutorImpl.processResults(QueryExecutorImpl.java:2421)
	at org.postgresql.core.v3.QueryExecutorImpl.execute(QueryExecutorImpl.java:580)
	at org.postgresql.jdbc.PgStatement.internalExecuteBatch(PgStatement.java:888)
	at org.postgresql.jdbc.PgStatement.executeBatch(PgStatement.java:912)
	at org.postgresql.jdbc.PgPreparedStatement.executeBatch(PgPreparedStatement.java:1739)
	at org.apache.spark.sql.execution.datasources.jdbc.JdbcUtils$.savePartition(JdbcUtils.scala:748)
	at org.apache.spark.sql.execution.datasources.jdbc.JdbcUtils$.$anonfun$saveTable$1(JdbcUtils.scala:904)
	at org.apache.spark.sql.execution.datasources.jdbc.JdbcUtils$.$anonfun$saveTable$1$adapted(JdbcUtils.scala:903)
	at org.apache.spark.rdd.RDD.$anonfun$foreachPartition$2(RDD.scala:1039)
	at org.apache.spark.rdd.RDD.$anonfun$foreachPartition$2$adapted(RDD.scala:1039)
	at org.apache.spark.SparkContext.$anonfun$runJob$5(SparkContext.scala:2433)
	at org.apache.spark.scheduler.ResultTask.runTask(ResultTask.scala:93)
	at org.apache.spark.TaskContext.runTaskWithListeners(TaskContext.scala:166)
	at org.apache.spark.scheduler.Task.run(Task.scala:141)
	at org.apache.spark.executor.Executor$TaskRunner.$anonfun$run$4(Executor.scala:621)
	at org.apache.spark.util.SparkErrorUtils.tryWithSafeFinally(SparkErrorUtils.scala:64)
	at org.apache.spark.util.SparkErrorUtils.tryWithSafeFinally$(SparkErrorUtils.scala:61)
	at org.apache.spark.util.Utils$.tryWithSafeFinally(Utils.scala:94)
	at org.apache.spark.executor.Executor$TaskRunner.run(Executor.scala:624)
	at java.base/java.util.concurrent.ThreadPoolExecutor.runWorker(ThreadPoolExecutor.java:1128)
	at java.base/java.util.concurrent.ThreadPoolExecutor$Worker.run(ThreadPoolExecutor.java:628)
	at java.base/java.lang.Thread.run(Thread.java:829)
Caused by: org.postgresql.util.PSQLException: ERROR: insert or update on table "fact_checkin" violates foreign key constraint "fact_checkin_time_key_fkey"
  Detail: Key (time_key)=(2022011914) is not present in table "dim_time".
	at org.postgresql.core.v3.QueryExecutorImpl.receiveErrorResponse(QueryExecutorImpl.java:2733)
	at org.postgresql.core.v3.QueryExecutorImpl.processResults(QueryExecutorImpl.java:2420)
	... 21 more

Driver stacktrace:
	at org.apache.spark.scheduler.DAGScheduler.failJobAndIndependentStages(DAGScheduler.scala:2898)
	at org.apache.spark.scheduler.DAGScheduler.$anonfun$abortStage$2(DAGScheduler.scala:2834)
	at org.apache.spark.scheduler.DAGScheduler.$anonfun$abortStage$2$adapted(DAGScheduler.scala:2833)
	at scala.collection.mutable.ResizableArray.foreach(ResizableArray.scala:62)
	at scala.collection.mutable.ResizableArray.foreach$(ResizableArray.scala:55)
	at scala.collection.mutable.ArrayBuffer.foreach(ArrayBuffer.scala:49)
	at org.apache.spark.scheduler.DAGScheduler.abortStage(DAGScheduler.scala:2833)
	at org.apache.spark.scheduler.DAGScheduler.$anonfun$handleTaskSetFailed$1(DAGScheduler.scala:1253)
	at org.apache.spark.scheduler.DAGScheduler.$anonfun$handleTaskSetFailed$1$adapted(DAGScheduler.scala:1253)
	at scala.Option.foreach(Option.scala:407)
	at org.apache.spark.scheduler.DAGScheduler.handleTaskSetFailed(DAGScheduler.scala:1253)
	at org.apache.spark.scheduler.DAGSchedulerEventProcessLoop.doOnReceive(DAGScheduler.scala:3102)
	at org.apache.spark.scheduler.DAGSchedulerEventProcessLoop.onReceive(DAGScheduler.scala:3036)
	at org.apache.spark.scheduler.DAGSchedulerEventProcessLoop.onReceive(DAGScheduler.scala:3025)
	at org.apache.spark.util.EventLoop$$anon$1.run(EventLoop.scala:49)
	at org.apache.spark.scheduler.DAGScheduler.runJob(DAGScheduler.scala:995)
	at org.apache.spark.SparkContext.runJob(SparkContext.scala:2393)
	at org.apache.spark.SparkContext.runJob(SparkContext.scala:2414)
	at org.apache.spark.SparkContext.runJob(SparkContext.scala:2433)
	at org.apache.spark.SparkContext.runJob(SparkContext.scala:2458)
	at org.apache.spark.rdd.RDD.$anonfun$foreachPartition$1(RDD.scala:1039)
	at org.apache.spark.rdd.RDDOperationScope$.withScope(RDDOperationScope.scala:151)
	at org.apache.spark.rdd.RDDOperationScope$.withScope(RDDOperationScope.scala:112)
	at org.apache.spark.rdd.RDD.withScope(RDD.scala:410)
	at org.apache.spark.rdd.RDD.foreachPartition(RDD.scala:1037)
	at org.apache.spark.sql.Dataset.$anonfun$foreachPartition$1(Dataset.scala:3516)
	at scala.runtime.java8.JFunction0$mcV$sp.apply(JFunction0$mcV$sp.java:23)
	at org.apache.spark.sql.Dataset.$anonfun$withNewRDDExecutionId$1(Dataset.scala:4310)
	at org.apache.spark.sql.execution.SQLExecution$.$anonfun$withNewExecutionId$6(SQLExecution.scala:125)
	at org.apache.spark.sql.execution.SQLExecution$.withSQLConfPropagated(SQLExecution.scala:201)
	at org.apache.spark.sql.execution.SQLExecution$.$anonfun$withNewExecutionId$1(SQLExecution.scala:108)
	at org.apache.spark.sql.SparkSession.withActive(SparkSession.scala:900)
	at org.apache.spark.sql.execution.SQLExecution$.withNewExecutionId(SQLExecution.scala:66)
	at org.apache.spark.sql.Dataset.withNewRDDExecutionId(Dataset.scala:4308)
	at org.apache.spark.sql.Dataset.foreachPartition(Dataset.scala:3516)
	at org.apache.spark.sql.execution.datasources.jdbc.JdbcUtils$.saveTable(JdbcUtils.scala:903)
	at org.apache.spark.sql.execution.datasources.jdbc.JdbcRelationProvider.createRelation(JdbcRelationProvider.scala:70)
	at org.apache.spark.sql.execution.datasources.SaveIntoDataSourceCommand.run(SaveIntoDataSourceCommand.scala:48)
	at org.apache.spark.sql.execution.command.ExecutedCommandExec.sideEffectResult$lzycompute(commands.scala:75)
	at org.apache.spark.sql.execution.command.ExecutedCommandExec.sideEffectResult(commands.scala:73)
	at org.apache.spark.sql.execution.command.ExecutedCommandExec.executeCollect(commands.scala:84)
	at org.apache.spark.sql.execution.QueryExecution$$anonfun$eagerlyExecuteCommands$1.$anonfun$applyOrElse$1(QueryExecution.scala:107)
	at org.apache.spark.sql.execution.SQLExecution$.$anonfun$withNewExecutionId$6(SQLExecution.scala:125)
	at org.apache.spark.sql.execution.SQLExecution$.withSQLConfPropagated(SQLExecution.scala:201)
	at org.apache.spark.sql.execution.SQLExecution$.$anonfun$withNewExecutionId$1(SQLExecution.scala:108)
	at org.apache.spark.sql.SparkSession.withActive(SparkSession.scala:900)
	at org.apache.spark.sql.execution.SQLExecution$.withNewExecutionId(SQLExecution.scala:66)
	at org.apache.spark.sql.execution.QueryExecution$$anonfun$eagerlyExecuteCommands$1.applyOrElse(QueryExecution.scala:107)
	at org.apache.spark.sql.execution.QueryExecution$$anonfun$eagerlyExecuteCommands$1.applyOrElse(QueryExecution.scala:98)
	at org.apache.spark.sql.catalyst.trees.TreeNode.$anonfun$transformDownWithPruning$1(TreeNode.scala:461)
	at org.apache.spark.sql.catalyst.trees.CurrentOrigin$.withOrigin(origin.scala:76)
	at org.apache.spark.sql.catalyst.trees.TreeNode.transformDownWithPruning(TreeNode.scala:461)
	at org.apache.spark.sql.catalyst.plans.logical.LogicalPlan.org$apache$spark$sql$catalyst$plans$logical$AnalysisHelper$$super$transformDownWithPruning(LogicalPlan.scala:32)
	at org.apache.spark.sql.catalyst.plans.logical.AnalysisHelper.transformDownWithPruning(AnalysisHelper.scala:267)
	at org.apache.spark.sql.catalyst.plans.logical.AnalysisHelper.transformDownWithPruning$(AnalysisHelper.scala:263)
	at org.apache.spark.sql.catalyst.plans.logical.LogicalPlan.transformDownWithPruning(LogicalPlan.scala:32)
	at org.apache.spark.sql.catalyst.plans.logical.LogicalPlan.transformDownWithPruning(LogicalPlan.scala:32)
	at org.apache.spark.sql.catalyst.trees.TreeNode.transformDown(TreeNode.scala:437)
	at org.apache.spark.sql.execution.QueryExecution.eagerlyExecuteCommands(QueryExecution.scala:98)
	at org.apache.spark.sql.execution.QueryExecution.commandExecuted$lzycompute(QueryExecution.scala:85)
	at org.apache.spark.sql.execution.QueryExecution.commandExecuted(QueryExecution.scala:83)
	at org.apache.spark.sql.execution.QueryExecution.assertCommandExecuted(QueryExecution.scala:142)
	at org.apache.spark.sql.DataFrameWriter.runCommand(DataFrameWriter.scala:869)
	at org.apache.spark.sql.DataFrameWriter.saveToV1Source(DataFrameWriter.scala:391)
	at org.apache.spark.sql.DataFrameWriter.saveInternal(DataFrameWriter.scala:364)
	at org.apache.spark.sql.DataFrameWriter.save(DataFrameWriter.scala:251)
	at java.base/jdk.internal.reflect.NativeMethodAccessorImpl.invoke0(Native Method)
	at java.base/jdk.internal.reflect.NativeMethodAccessorImpl.invoke(NativeMethodAccessorImpl.java:62)
	at java.base/jdk.internal.reflect.DelegatingMethodAccessorImpl.invoke(DelegatingMethodAccessorImpl.java:43)
	at java.base/java.lang.reflect.Method.invoke(Method.java:566)
	at py4j.reflection.MethodInvoker.invoke(MethodInvoker.java:244)
	at py4j.reflection.ReflectionEngine.invoke(ReflectionEngine.java:374)
	at py4j.Gateway.invoke(Gateway.java:282)
	at py4j.commands.AbstractCommand.invokeMethod(AbstractCommand.java:132)
	at py4j.commands.CallCommand.execute(CallCommand.java:79)
	at py4j.ClientServerConnection.waitForCommands(ClientServerConnection.java:182)
	at py4j.ClientServerConnection.run(ClientServerConnection.java:106)
	at java.base/java.lang.Thread.run(Thread.java:829)
Caused by: java.sql.BatchUpdateException: Batch entry 937 INSERT INTO dw.fact_checkin ("business_key","time_key","checkin_count") VALUES (('55594'::int4),('2022011914'::int4),('1'::int8)) was aborted: ERROR: insert or update on table "fact_checkin" violates foreign key constraint "fact_checkin_time_key_fkey"
  Detail: Key (time_key)=(2022011914) is not present in table "dim_time".  Call getNextException to see other errors in the batch.
	at org.postgresql.jdbc.BatchResultHandler.handleError(BatchResultHandler.java:165)
	at org.postgresql.core.v3.QueryExecutorImpl.processResults(QueryExecutorImpl.java:2421)
	at org.postgresql.core.v3.QueryExecutorImpl.execute(QueryExecutorImpl.java:580)
	at org.postgresql.jdbc.PgStatement.internalExecuteBatch(PgStatement.java:888)
	at org.postgresql.jdbc.PgStatement.executeBatch(PgStatement.java:912)
	at org.postgresql.jdbc.PgPreparedStatement.executeBatch(PgPreparedStatement.java:1739)
	at org.apache.spark.sql.execution.datasources.jdbc.JdbcUtils$.savePartition(JdbcUtils.scala:748)
	at org.apache.spark.sql.execution.datasources.jdbc.JdbcUtils$.$anonfun$saveTable$1(JdbcUtils.scala:904)
	at org.apache.spark.sql.execution.datasources.jdbc.JdbcUtils$.$anonfun$saveTable$1$adapted(JdbcUtils.scala:903)
	at org.apache.spark.rdd.RDD.$anonfun$foreachPartition$2(RDD.scala:1039)
	at org.apache.spark.rdd.RDD.$anonfun$foreachPartition$2$adapted(RDD.scala:1039)
	at org.apache.spark.SparkContext.$anonfun$runJob$5(SparkContext.scala:2433)
	at org.apache.spark.scheduler.ResultTask.runTask(ResultTask.scala:93)
	at org.apache.spark.TaskContext.runTaskWithListeners(TaskContext.scala:166)
	at org.apache.spark.scheduler.Task.run(Task.scala:141)
	at org.apache.spark.executor.Executor$TaskRunner.$anonfun$run$4(Executor.scala:621)
	at org.apache.spark.util.SparkErrorUtils.tryWithSafeFinally(SparkErrorUtils.scala:64)
	at org.apache.spark.util.SparkErrorUtils.tryWithSafeFinally$(SparkErrorUtils.scala:61)
	at org.apache.spark.util.Utils$.tryWithSafeFinally(Utils.scala:94)
	at org.apache.spark.executor.Executor$TaskRunner.run(Executor.scala:624)
	at java.base/java.util.concurrent.ThreadPoolExecutor.runWorker(ThreadPoolExecutor.java:1128)
	at java.base/java.util.concurrent.ThreadPoolExecutor$Worker.run(ThreadPoolExecutor.java:628)
	... 1 more
Caused by: org.postgresql.util.PSQLException: ERROR: insert or update on table "fact_checkin" violates foreign key constraint "fact_checkin_time_key_fkey"
  Detail: Key (time_key)=(2022011914) is not present in table "dim_time".
	at org.postgresql.core.v3.QueryExecutorImpl.receiveErrorResponse(QueryExecutorImpl.java:2733)
	at org.postgresql.core.v3.QueryExecutorImpl.processResults(QueryExecutorImpl.java:2420)
	... 21 more

2025-08-27 12:32:37,884 [INFO] py4j.clientserver: Closing down clientserver connection
2025-08-27 12:36:59,173 [INFO] config.logger_config: ✅ All tables created successfully!
2025-08-27 12:36:59,174 [INFO] config.logger_config: 🔒 Connection closed.
2025-08-27 12:37:21,367 [INFO] config.logger_config: Successful loaded to dw.dim_time
2025-08-27 12:37:21,368 [INFO] config.logger_config: ▶️ Start reading table stg.stg_review from database postgres
2025-08-27 12:37:23,272 [INFO] config.logger_config: ✅ Successfully read stg.stg_review (rows: 100000)
2025-08-27 12:37:23,274 [INFO] config.logger_config: ▶️ Start reading table dw.dim_user from database postgres
2025-08-27 12:37:27,028 [INFO] config.logger_config: ✅ Successfully read dw.dim_user (rows: 351896)
2025-08-27 12:37:27,033 [INFO] config.logger_config: ▶️ Start reading table dw.dim_business from database postgres
2025-08-27 12:37:27,534 [INFO] config.logger_config: ✅ Successfully read dw.dim_business (rows: 150346)
2025-08-27 12:37:27,537 [INFO] config.logger_config: ▶️ Start reading table dw.dim_time from database postgres
2025-08-27 12:37:28,063 [INFO] config.logger_config: ✅ Successfully read dw.dim_time (rows: 148057)
2025-08-27 12:37:28,507 [INFO] config.logger_config: ✅ Successful transform fact_review!
2025-08-27 12:37:38,745 [INFO] config.logger_config: Successful loaded to dw.fact_review
2025-08-27 12:37:39,707 [INFO] py4j.clientserver: Closing down clientserver connection
2025-08-27 12:38:26,047 [INFO] config.logger_config: ▶️ Start reading table stg.stg_review from database postgres
2025-08-27 12:38:37,349 [INFO] config.logger_config: ✅ Successfully read stg.stg_review (rows: 100000)
2025-08-27 12:38:37,349 [INFO] config.logger_config: ▶️ Start reading table dw.dim_user from database postgres
2025-08-27 12:38:38,811 [INFO] config.logger_config: ✅ Successfully read dw.dim_user (rows: 351896)
2025-08-27 12:38:38,811 [INFO] config.logger_config: ▶️ Start reading table dw.dim_business from database postgres
2025-08-27 12:38:39,472 [INFO] config.logger_config: ✅ Successfully read dw.dim_business (rows: 150346)
2025-08-27 12:38:39,473 [INFO] config.logger_config: ▶️ Start reading table dw.dim_time from database postgres
2025-08-27 12:38:39,953 [INFO] config.logger_config: ✅ Successfully read dw.dim_time (rows: 148057)
2025-08-27 12:38:40,556 [INFO] config.logger_config: ✅ Successful transform fact_review!
2025-08-27 12:38:50,845 [ERROR] config.logger_config: ❌ Failed to load dw.fact_review: An error occurred while calling o116.save.
: org.apache.spark.SparkException: Job aborted due to stage failure: Task 7 in stage 22.0 failed 1 times, most recent failure: Lost task 7.0 in stage 22.0 (TID 24) (10.255.255.254 executor driver): java.sql.BatchUpdateException: Batch entry 0 INSERT INTO dw.fact_review ("review_id","user_key","business_key","time_key","stars","useful","funny","cool","text_length") VALUES (('MD_w32AJdcWCpXPN1Ik04Q'),('80395'::int4),('120890'::int4),('2018070700'::int4),('5.0'::numeric),('0'::int4),('0'::int4),('0'::int4),('114'::int4)) was aborted: ERROR: duplicate key value violates unique constraint "fact_review_review_id_key"
  Detail: Key (review_id)=(MD_w32AJdcWCpXPN1Ik04Q) already exists.  Call getNextException to see other errors in the batch.
	at org.postgresql.jdbc.BatchResultHandler.handleError(BatchResultHandler.java:165)
	at org.postgresql.core.ResultHandlerDelegate.handleError(ResultHandlerDelegate.java:52)
	at org.postgresql.core.v3.QueryExecutorImpl.processResults(QueryExecutorImpl.java:2421)
	at org.postgresql.core.v3.QueryExecutorImpl.processResults(QueryExecutorImpl.java:2153)
	at org.postgresql.core.v3.QueryExecutorImpl.flushIfDeadlockRisk(QueryExecutorImpl.java:1503)
	at org.postgresql.core.v3.QueryExecutorImpl.sendQuery(QueryExecutorImpl.java:1528)
	at org.postgresql.core.v3.QueryExecutorImpl.execute(QueryExecutorImpl.java:566)
	at org.postgresql.jdbc.PgStatement.internalExecuteBatch(PgStatement.java:888)
	at org.postgresql.jdbc.PgStatement.executeBatch(PgStatement.java:912)
	at org.postgresql.jdbc.PgPreparedStatement.executeBatch(PgPreparedStatement.java:1739)
	at org.apache.spark.sql.execution.datasources.jdbc.JdbcUtils$.savePartition(JdbcUtils.scala:748)
	at org.apache.spark.sql.execution.datasources.jdbc.JdbcUtils$.$anonfun$saveTable$1(JdbcUtils.scala:904)
	at org.apache.spark.sql.execution.datasources.jdbc.JdbcUtils$.$anonfun$saveTable$1$adapted(JdbcUtils.scala:903)
	at org.apache.spark.rdd.RDD.$anonfun$foreachPartition$2(RDD.scala:1039)
	at org.apache.spark.rdd.RDD.$anonfun$foreachPartition$2$adapted(RDD.scala:1039)
	at org.apache.spark.SparkContext.$anonfun$runJob$5(SparkContext.scala:2433)
	at org.apache.spark.scheduler.ResultTask.runTask(ResultTask.scala:93)
	at org.apache.spark.TaskContext.runTaskWithListeners(TaskContext.scala:166)
	at org.apache.spark.scheduler.Task.run(Task.scala:141)
	at org.apache.spark.executor.Executor$TaskRunner.$anonfun$run$4(Executor.scala:621)
	at org.apache.spark.util.SparkErrorUtils.tryWithSafeFinally(SparkErrorUtils.scala:64)
	at org.apache.spark.util.SparkErrorUtils.tryWithSafeFinally$(SparkErrorUtils.scala:61)
	at org.apache.spark.util.Utils$.tryWithSafeFinally(Utils.scala:94)
	at org.apache.spark.executor.Executor$TaskRunner.run(Executor.scala:624)
	at java.base/java.util.concurrent.ThreadPoolExecutor.runWorker(ThreadPoolExecutor.java:1128)
	at java.base/java.util.concurrent.ThreadPoolExecutor$Worker.run(ThreadPoolExecutor.java:628)
	at java.base/java.lang.Thread.run(Thread.java:829)
Caused by: org.postgresql.util.PSQLException: ERROR: duplicate key value violates unique constraint "fact_review_review_id_key"
  Detail: Key (review_id)=(MD_w32AJdcWCpXPN1Ik04Q) already exists.
	at org.postgresql.core.v3.QueryExecutorImpl.receiveErrorResponse(QueryExecutorImpl.java:2733)
	at org.postgresql.core.v3.QueryExecutorImpl.processResults(QueryExecutorImpl.java:2420)
	... 24 more

Driver stacktrace:
	at org.apache.spark.scheduler.DAGScheduler.failJobAndIndependentStages(DAGScheduler.scala:2898)
	at org.apache.spark.scheduler.DAGScheduler.$anonfun$abortStage$2(DAGScheduler.scala:2834)
	at org.apache.spark.scheduler.DAGScheduler.$anonfun$abortStage$2$adapted(DAGScheduler.scala:2833)
	at scala.collection.mutable.ResizableArray.foreach(ResizableArray.scala:62)
	at scala.collection.mutable.ResizableArray.foreach$(ResizableArray.scala:55)
	at scala.collection.mutable.ArrayBuffer.foreach(ArrayBuffer.scala:49)
	at org.apache.spark.scheduler.DAGScheduler.abortStage(DAGScheduler.scala:2833)
	at org.apache.spark.scheduler.DAGScheduler.$anonfun$handleTaskSetFailed$1(DAGScheduler.scala:1253)
	at org.apache.spark.scheduler.DAGScheduler.$anonfun$handleTaskSetFailed$1$adapted(DAGScheduler.scala:1253)
	at scala.Option.foreach(Option.scala:407)
	at org.apache.spark.scheduler.DAGScheduler.handleTaskSetFailed(DAGScheduler.scala:1253)
	at org.apache.spark.scheduler.DAGSchedulerEventProcessLoop.doOnReceive(DAGScheduler.scala:3102)
	at org.apache.spark.scheduler.DAGSchedulerEventProcessLoop.onReceive(DAGScheduler.scala:3036)
	at org.apache.spark.scheduler.DAGSchedulerEventProcessLoop.onReceive(DAGScheduler.scala:3025)
	at org.apache.spark.util.EventLoop$$anon$1.run(EventLoop.scala:49)
	at org.apache.spark.scheduler.DAGScheduler.runJob(DAGScheduler.scala:995)
	at org.apache.spark.SparkContext.runJob(SparkContext.scala:2393)
	at org.apache.spark.SparkContext.runJob(SparkContext.scala:2414)
	at org.apache.spark.SparkContext.runJob(SparkContext.scala:2433)
	at org.apache.spark.SparkContext.runJob(SparkContext.scala:2458)
	at org.apache.spark.rdd.RDD.$anonfun$foreachPartition$1(RDD.scala:1039)
	at org.apache.spark.rdd.RDDOperationScope$.withScope(RDDOperationScope.scala:151)
	at org.apache.spark.rdd.RDDOperationScope$.withScope(RDDOperationScope.scala:112)
	at org.apache.spark.rdd.RDD.withScope(RDD.scala:410)
	at org.apache.spark.rdd.RDD.foreachPartition(RDD.scala:1037)
	at org.apache.spark.sql.Dataset.$anonfun$foreachPartition$1(Dataset.scala:3516)
	at scala.runtime.java8.JFunction0$mcV$sp.apply(JFunction0$mcV$sp.java:23)
	at org.apache.spark.sql.Dataset.$anonfun$withNewRDDExecutionId$1(Dataset.scala:4310)
	at org.apache.spark.sql.execution.SQLExecution$.$anonfun$withNewExecutionId$6(SQLExecution.scala:125)
	at org.apache.spark.sql.execution.SQLExecution$.withSQLConfPropagated(SQLExecution.scala:201)
	at org.apache.spark.sql.execution.SQLExecution$.$anonfun$withNewExecutionId$1(SQLExecution.scala:108)
	at org.apache.spark.sql.SparkSession.withActive(SparkSession.scala:900)
	at org.apache.spark.sql.execution.SQLExecution$.withNewExecutionId(SQLExecution.scala:66)
	at org.apache.spark.sql.Dataset.withNewRDDExecutionId(Dataset.scala:4308)
	at org.apache.spark.sql.Dataset.foreachPartition(Dataset.scala:3516)
	at org.apache.spark.sql.execution.datasources.jdbc.JdbcUtils$.saveTable(JdbcUtils.scala:903)
	at org.apache.spark.sql.execution.datasources.jdbc.JdbcRelationProvider.createRelation(JdbcRelationProvider.scala:70)
	at org.apache.spark.sql.execution.datasources.SaveIntoDataSourceCommand.run(SaveIntoDataSourceCommand.scala:48)
	at org.apache.spark.sql.execution.command.ExecutedCommandExec.sideEffectResult$lzycompute(commands.scala:75)
	at org.apache.spark.sql.execution.command.ExecutedCommandExec.sideEffectResult(commands.scala:73)
	at org.apache.spark.sql.execution.command.ExecutedCommandExec.executeCollect(commands.scala:84)
	at org.apache.spark.sql.execution.QueryExecution$$anonfun$eagerlyExecuteCommands$1.$anonfun$applyOrElse$1(QueryExecution.scala:107)
	at org.apache.spark.sql.execution.SQLExecution$.$anonfun$withNewExecutionId$6(SQLExecution.scala:125)
	at org.apache.spark.sql.execution.SQLExecution$.withSQLConfPropagated(SQLExecution.scala:201)
	at org.apache.spark.sql.execution.SQLExecution$.$anonfun$withNewExecutionId$1(SQLExecution.scala:108)
	at org.apache.spark.sql.SparkSession.withActive(SparkSession.scala:900)
	at org.apache.spark.sql.execution.SQLExecution$.withNewExecutionId(SQLExecution.scala:66)
	at org.apache.spark.sql.execution.QueryExecution$$anonfun$eagerlyExecuteCommands$1.applyOrElse(QueryExecution.scala:107)
	at org.apache.spark.sql.execution.QueryExecution$$anonfun$eagerlyExecuteCommands$1.applyOrElse(QueryExecution.scala:98)
	at org.apache.spark.sql.catalyst.trees.TreeNode.$anonfun$transformDownWithPruning$1(TreeNode.scala:461)
	at org.apache.spark.sql.catalyst.trees.CurrentOrigin$.withOrigin(origin.scala:76)
	at org.apache.spark.sql.catalyst.trees.TreeNode.transformDownWithPruning(TreeNode.scala:461)
	at org.apache.spark.sql.catalyst.plans.logical.LogicalPlan.org$apache$spark$sql$catalyst$plans$logical$AnalysisHelper$$super$transformDownWithPruning(LogicalPlan.scala:32)
	at org.apache.spark.sql.catalyst.plans.logical.AnalysisHelper.transformDownWithPruning(AnalysisHelper.scala:267)
	at org.apache.spark.sql.catalyst.plans.logical.AnalysisHelper.transformDownWithPruning$(AnalysisHelper.scala:263)
	at org.apache.spark.sql.catalyst.plans.logical.LogicalPlan.transformDownWithPruning(LogicalPlan.scala:32)
	at org.apache.spark.sql.catalyst.plans.logical.LogicalPlan.transformDownWithPruning(LogicalPlan.scala:32)
	at org.apache.spark.sql.catalyst.trees.TreeNode.transformDown(TreeNode.scala:437)
	at org.apache.spark.sql.execution.QueryExecution.eagerlyExecuteCommands(QueryExecution.scala:98)
	at org.apache.spark.sql.execution.QueryExecution.commandExecuted$lzycompute(QueryExecution.scala:85)
	at org.apache.spark.sql.execution.QueryExecution.commandExecuted(QueryExecution.scala:83)
	at org.apache.spark.sql.execution.QueryExecution.assertCommandExecuted(QueryExecution.scala:142)
	at org.apache.spark.sql.DataFrameWriter.runCommand(DataFrameWriter.scala:869)
	at org.apache.spark.sql.DataFrameWriter.saveToV1Source(DataFrameWriter.scala:391)
	at org.apache.spark.sql.DataFrameWriter.saveInternal(DataFrameWriter.scala:364)
	at org.apache.spark.sql.DataFrameWriter.save(DataFrameWriter.scala:251)
	at java.base/jdk.internal.reflect.NativeMethodAccessorImpl.invoke0(Native Method)
	at java.base/jdk.internal.reflect.NativeMethodAccessorImpl.invoke(NativeMethodAccessorImpl.java:62)
	at java.base/jdk.internal.reflect.DelegatingMethodAccessorImpl.invoke(DelegatingMethodAccessorImpl.java:43)
	at java.base/java.lang.reflect.Method.invoke(Method.java:566)
	at py4j.reflection.MethodInvoker.invoke(MethodInvoker.java:244)
	at py4j.reflection.ReflectionEngine.invoke(ReflectionEngine.java:374)
	at py4j.Gateway.invoke(Gateway.java:282)
	at py4j.commands.AbstractCommand.invokeMethod(AbstractCommand.java:132)
	at py4j.commands.CallCommand.execute(CallCommand.java:79)
	at py4j.ClientServerConnection.waitForCommands(ClientServerConnection.java:182)
	at py4j.ClientServerConnection.run(ClientServerConnection.java:106)
	at java.base/java.lang.Thread.run(Thread.java:829)
Caused by: java.sql.BatchUpdateException: Batch entry 0 INSERT INTO dw.fact_review ("review_id","user_key","business_key","time_key","stars","useful","funny","cool","text_length") VALUES (('MD_w32AJdcWCpXPN1Ik04Q'),('80395'::int4),('120890'::int4),('2018070700'::int4),('5.0'::numeric),('0'::int4),('0'::int4),('0'::int4),('114'::int4)) was aborted: ERROR: duplicate key value violates unique constraint "fact_review_review_id_key"
  Detail: Key (review_id)=(MD_w32AJdcWCpXPN1Ik04Q) already exists.  Call getNextException to see other errors in the batch.
	at org.postgresql.jdbc.BatchResultHandler.handleError(BatchResultHandler.java:165)
	at org.postgresql.core.ResultHandlerDelegate.handleError(ResultHandlerDelegate.java:52)
	at org.postgresql.core.v3.QueryExecutorImpl.processResults(QueryExecutorImpl.java:2421)
	at org.postgresql.core.v3.QueryExecutorImpl.processResults(QueryExecutorImpl.java:2153)
	at org.postgresql.core.v3.QueryExecutorImpl.flushIfDeadlockRisk(QueryExecutorImpl.java:1503)
	at org.postgresql.core.v3.QueryExecutorImpl.sendQuery(QueryExecutorImpl.java:1528)
	at org.postgresql.core.v3.QueryExecutorImpl.execute(QueryExecutorImpl.java:566)
	at org.postgresql.jdbc.PgStatement.internalExecuteBatch(PgStatement.java:888)
	at org.postgresql.jdbc.PgStatement.executeBatch(PgStatement.java:912)
	at org.postgresql.jdbc.PgPreparedStatement.executeBatch(PgPreparedStatement.java:1739)
	at org.apache.spark.sql.execution.datasources.jdbc.JdbcUtils$.savePartition(JdbcUtils.scala:748)
	at org.apache.spark.sql.execution.datasources.jdbc.JdbcUtils$.$anonfun$saveTable$1(JdbcUtils.scala:904)
	at org.apache.spark.sql.execution.datasources.jdbc.JdbcUtils$.$anonfun$saveTable$1$adapted(JdbcUtils.scala:903)
	at org.apache.spark.rdd.RDD.$anonfun$foreachPartition$2(RDD.scala:1039)
	at org.apache.spark.rdd.RDD.$anonfun$foreachPartition$2$adapted(RDD.scala:1039)
	at org.apache.spark.SparkContext.$anonfun$runJob$5(SparkContext.scala:2433)
	at org.apache.spark.scheduler.ResultTask.runTask(ResultTask.scala:93)
	at org.apache.spark.TaskContext.runTaskWithListeners(TaskContext.scala:166)
	at org.apache.spark.scheduler.Task.run(Task.scala:141)
	at org.apache.spark.executor.Executor$TaskRunner.$anonfun$run$4(Executor.scala:621)
	at org.apache.spark.util.SparkErrorUtils.tryWithSafeFinally(SparkErrorUtils.scala:64)
	at org.apache.spark.util.SparkErrorUtils.tryWithSafeFinally$(SparkErrorUtils.scala:61)
	at org.apache.spark.util.Utils$.tryWithSafeFinally(Utils.scala:94)
	at org.apache.spark.executor.Executor$TaskRunner.run(Executor.scala:624)
	at java.base/java.util.concurrent.ThreadPoolExecutor.runWorker(ThreadPoolExecutor.java:1128)
	at java.base/java.util.concurrent.ThreadPoolExecutor$Worker.run(ThreadPoolExecutor.java:628)
	... 1 more
Caused by: org.postgresql.util.PSQLException: ERROR: duplicate key value violates unique constraint "fact_review_review_id_key"
  Detail: Key (review_id)=(MD_w32AJdcWCpXPN1Ik04Q) already exists.
	at org.postgresql.core.v3.QueryExecutorImpl.receiveErrorResponse(QueryExecutorImpl.java:2733)
	at org.postgresql.core.v3.QueryExecutorImpl.processResults(QueryExecutorImpl.java:2420)
	... 24 more

2025-08-27 12:38:50,935 [ERROR] config.logger_config: Lỗi ở ETL, An error occurred while calling o116.save.
: org.apache.spark.SparkException: Job aborted due to stage failure: Task 7 in stage 22.0 failed 1 times, most recent failure: Lost task 7.0 in stage 22.0 (TID 24) (10.255.255.254 executor driver): java.sql.BatchUpdateException: Batch entry 0 INSERT INTO dw.fact_review ("review_id","user_key","business_key","time_key","stars","useful","funny","cool","text_length") VALUES (('MD_w32AJdcWCpXPN1Ik04Q'),('80395'::int4),('120890'::int4),('2018070700'::int4),('5.0'::numeric),('0'::int4),('0'::int4),('0'::int4),('114'::int4)) was aborted: ERROR: duplicate key value violates unique constraint "fact_review_review_id_key"
  Detail: Key (review_id)=(MD_w32AJdcWCpXPN1Ik04Q) already exists.  Call getNextException to see other errors in the batch.
	at org.postgresql.jdbc.BatchResultHandler.handleError(BatchResultHandler.java:165)
	at org.postgresql.core.ResultHandlerDelegate.handleError(ResultHandlerDelegate.java:52)
	at org.postgresql.core.v3.QueryExecutorImpl.processResults(QueryExecutorImpl.java:2421)
	at org.postgresql.core.v3.QueryExecutorImpl.processResults(QueryExecutorImpl.java:2153)
	at org.postgresql.core.v3.QueryExecutorImpl.flushIfDeadlockRisk(QueryExecutorImpl.java:1503)
	at org.postgresql.core.v3.QueryExecutorImpl.sendQuery(QueryExecutorImpl.java:1528)
	at org.postgresql.core.v3.QueryExecutorImpl.execute(QueryExecutorImpl.java:566)
	at org.postgresql.jdbc.PgStatement.internalExecuteBatch(PgStatement.java:888)
	at org.postgresql.jdbc.PgStatement.executeBatch(PgStatement.java:912)
	at org.postgresql.jdbc.PgPreparedStatement.executeBatch(PgPreparedStatement.java:1739)
	at org.apache.spark.sql.execution.datasources.jdbc.JdbcUtils$.savePartition(JdbcUtils.scala:748)
	at org.apache.spark.sql.execution.datasources.jdbc.JdbcUtils$.$anonfun$saveTable$1(JdbcUtils.scala:904)
	at org.apache.spark.sql.execution.datasources.jdbc.JdbcUtils$.$anonfun$saveTable$1$adapted(JdbcUtils.scala:903)
	at org.apache.spark.rdd.RDD.$anonfun$foreachPartition$2(RDD.scala:1039)
	at org.apache.spark.rdd.RDD.$anonfun$foreachPartition$2$adapted(RDD.scala:1039)
	at org.apache.spark.SparkContext.$anonfun$runJob$5(SparkContext.scala:2433)
	at org.apache.spark.scheduler.ResultTask.runTask(ResultTask.scala:93)
	at org.apache.spark.TaskContext.runTaskWithListeners(TaskContext.scala:166)
	at org.apache.spark.scheduler.Task.run(Task.scala:141)
	at org.apache.spark.executor.Executor$TaskRunner.$anonfun$run$4(Executor.scala:621)
	at org.apache.spark.util.SparkErrorUtils.tryWithSafeFinally(SparkErrorUtils.scala:64)
	at org.apache.spark.util.SparkErrorUtils.tryWithSafeFinally$(SparkErrorUtils.scala:61)
	at org.apache.spark.util.Utils$.tryWithSafeFinally(Utils.scala:94)
	at org.apache.spark.executor.Executor$TaskRunner.run(Executor.scala:624)
	at java.base/java.util.concurrent.ThreadPoolExecutor.runWorker(ThreadPoolExecutor.java:1128)
	at java.base/java.util.concurrent.ThreadPoolExecutor$Worker.run(ThreadPoolExecutor.java:628)
	at java.base/java.lang.Thread.run(Thread.java:829)
Caused by: org.postgresql.util.PSQLException: ERROR: duplicate key value violates unique constraint "fact_review_review_id_key"
  Detail: Key (review_id)=(MD_w32AJdcWCpXPN1Ik04Q) already exists.
	at org.postgresql.core.v3.QueryExecutorImpl.receiveErrorResponse(QueryExecutorImpl.java:2733)
	at org.postgresql.core.v3.QueryExecutorImpl.processResults(QueryExecutorImpl.java:2420)
	... 24 more

Driver stacktrace:
	at org.apache.spark.scheduler.DAGScheduler.failJobAndIndependentStages(DAGScheduler.scala:2898)
	at org.apache.spark.scheduler.DAGScheduler.$anonfun$abortStage$2(DAGScheduler.scala:2834)
	at org.apache.spark.scheduler.DAGScheduler.$anonfun$abortStage$2$adapted(DAGScheduler.scala:2833)
	at scala.collection.mutable.ResizableArray.foreach(ResizableArray.scala:62)
	at scala.collection.mutable.ResizableArray.foreach$(ResizableArray.scala:55)
	at scala.collection.mutable.ArrayBuffer.foreach(ArrayBuffer.scala:49)
	at org.apache.spark.scheduler.DAGScheduler.abortStage(DAGScheduler.scala:2833)
	at org.apache.spark.scheduler.DAGScheduler.$anonfun$handleTaskSetFailed$1(DAGScheduler.scala:1253)
	at org.apache.spark.scheduler.DAGScheduler.$anonfun$handleTaskSetFailed$1$adapted(DAGScheduler.scala:1253)
	at scala.Option.foreach(Option.scala:407)
	at org.apache.spark.scheduler.DAGScheduler.handleTaskSetFailed(DAGScheduler.scala:1253)
	at org.apache.spark.scheduler.DAGSchedulerEventProcessLoop.doOnReceive(DAGScheduler.scala:3102)
	at org.apache.spark.scheduler.DAGSchedulerEventProcessLoop.onReceive(DAGScheduler.scala:3036)
	at org.apache.spark.scheduler.DAGSchedulerEventProcessLoop.onReceive(DAGScheduler.scala:3025)
	at org.apache.spark.util.EventLoop$$anon$1.run(EventLoop.scala:49)
	at org.apache.spark.scheduler.DAGScheduler.runJob(DAGScheduler.scala:995)
	at org.apache.spark.SparkContext.runJob(SparkContext.scala:2393)
	at org.apache.spark.SparkContext.runJob(SparkContext.scala:2414)
	at org.apache.spark.SparkContext.runJob(SparkContext.scala:2433)
	at org.apache.spark.SparkContext.runJob(SparkContext.scala:2458)
	at org.apache.spark.rdd.RDD.$anonfun$foreachPartition$1(RDD.scala:1039)
	at org.apache.spark.rdd.RDDOperationScope$.withScope(RDDOperationScope.scala:151)
	at org.apache.spark.rdd.RDDOperationScope$.withScope(RDDOperationScope.scala:112)
	at org.apache.spark.rdd.RDD.withScope(RDD.scala:410)
	at org.apache.spark.rdd.RDD.foreachPartition(RDD.scala:1037)
	at org.apache.spark.sql.Dataset.$anonfun$foreachPartition$1(Dataset.scala:3516)
	at scala.runtime.java8.JFunction0$mcV$sp.apply(JFunction0$mcV$sp.java:23)
	at org.apache.spark.sql.Dataset.$anonfun$withNewRDDExecutionId$1(Dataset.scala:4310)
	at org.apache.spark.sql.execution.SQLExecution$.$anonfun$withNewExecutionId$6(SQLExecution.scala:125)
	at org.apache.spark.sql.execution.SQLExecution$.withSQLConfPropagated(SQLExecution.scala:201)
	at org.apache.spark.sql.execution.SQLExecution$.$anonfun$withNewExecutionId$1(SQLExecution.scala:108)
	at org.apache.spark.sql.SparkSession.withActive(SparkSession.scala:900)
	at org.apache.spark.sql.execution.SQLExecution$.withNewExecutionId(SQLExecution.scala:66)
	at org.apache.spark.sql.Dataset.withNewRDDExecutionId(Dataset.scala:4308)
	at org.apache.spark.sql.Dataset.foreachPartition(Dataset.scala:3516)
	at org.apache.spark.sql.execution.datasources.jdbc.JdbcUtils$.saveTable(JdbcUtils.scala:903)
	at org.apache.spark.sql.execution.datasources.jdbc.JdbcRelationProvider.createRelation(JdbcRelationProvider.scala:70)
	at org.apache.spark.sql.execution.datasources.SaveIntoDataSourceCommand.run(SaveIntoDataSourceCommand.scala:48)
	at org.apache.spark.sql.execution.command.ExecutedCommandExec.sideEffectResult$lzycompute(commands.scala:75)
	at org.apache.spark.sql.execution.command.ExecutedCommandExec.sideEffectResult(commands.scala:73)
	at org.apache.spark.sql.execution.command.ExecutedCommandExec.executeCollect(commands.scala:84)
	at org.apache.spark.sql.execution.QueryExecution$$anonfun$eagerlyExecuteCommands$1.$anonfun$applyOrElse$1(QueryExecution.scala:107)
	at org.apache.spark.sql.execution.SQLExecution$.$anonfun$withNewExecutionId$6(SQLExecution.scala:125)
	at org.apache.spark.sql.execution.SQLExecution$.withSQLConfPropagated(SQLExecution.scala:201)
	at org.apache.spark.sql.execution.SQLExecution$.$anonfun$withNewExecutionId$1(SQLExecution.scala:108)
	at org.apache.spark.sql.SparkSession.withActive(SparkSession.scala:900)
	at org.apache.spark.sql.execution.SQLExecution$.withNewExecutionId(SQLExecution.scala:66)
	at org.apache.spark.sql.execution.QueryExecution$$anonfun$eagerlyExecuteCommands$1.applyOrElse(QueryExecution.scala:107)
	at org.apache.spark.sql.execution.QueryExecution$$anonfun$eagerlyExecuteCommands$1.applyOrElse(QueryExecution.scala:98)
	at org.apache.spark.sql.catalyst.trees.TreeNode.$anonfun$transformDownWithPruning$1(TreeNode.scala:461)
	at org.apache.spark.sql.catalyst.trees.CurrentOrigin$.withOrigin(origin.scala:76)
	at org.apache.spark.sql.catalyst.trees.TreeNode.transformDownWithPruning(TreeNode.scala:461)
	at org.apache.spark.sql.catalyst.plans.logical.LogicalPlan.org$apache$spark$sql$catalyst$plans$logical$AnalysisHelper$$super$transformDownWithPruning(LogicalPlan.scala:32)
	at org.apache.spark.sql.catalyst.plans.logical.AnalysisHelper.transformDownWithPruning(AnalysisHelper.scala:267)
	at org.apache.spark.sql.catalyst.plans.logical.AnalysisHelper.transformDownWithPruning$(AnalysisHelper.scala:263)
	at org.apache.spark.sql.catalyst.plans.logical.LogicalPlan.transformDownWithPruning(LogicalPlan.scala:32)
	at org.apache.spark.sql.catalyst.plans.logical.LogicalPlan.transformDownWithPruning(LogicalPlan.scala:32)
	at org.apache.spark.sql.catalyst.trees.TreeNode.transformDown(TreeNode.scala:437)
	at org.apache.spark.sql.execution.QueryExecution.eagerlyExecuteCommands(QueryExecution.scala:98)
	at org.apache.spark.sql.execution.QueryExecution.commandExecuted$lzycompute(QueryExecution.scala:85)
	at org.apache.spark.sql.execution.QueryExecution.commandExecuted(QueryExecution.scala:83)
	at org.apache.spark.sql.execution.QueryExecution.assertCommandExecuted(QueryExecution.scala:142)
	at org.apache.spark.sql.DataFrameWriter.runCommand(DataFrameWriter.scala:869)
	at org.apache.spark.sql.DataFrameWriter.saveToV1Source(DataFrameWriter.scala:391)
	at org.apache.spark.sql.DataFrameWriter.saveInternal(DataFrameWriter.scala:364)
	at org.apache.spark.sql.DataFrameWriter.save(DataFrameWriter.scala:251)
	at java.base/jdk.internal.reflect.NativeMethodAccessorImpl.invoke0(Native Method)
	at java.base/jdk.internal.reflect.NativeMethodAccessorImpl.invoke(NativeMethodAccessorImpl.java:62)
	at java.base/jdk.internal.reflect.DelegatingMethodAccessorImpl.invoke(DelegatingMethodAccessorImpl.java:43)
	at java.base/java.lang.reflect.Method.invoke(Method.java:566)
	at py4j.reflection.MethodInvoker.invoke(MethodInvoker.java:244)
	at py4j.reflection.ReflectionEngine.invoke(ReflectionEngine.java:374)
	at py4j.Gateway.invoke(Gateway.java:282)
	at py4j.commands.AbstractCommand.invokeMethod(AbstractCommand.java:132)
	at py4j.commands.CallCommand.execute(CallCommand.java:79)
	at py4j.ClientServerConnection.waitForCommands(ClientServerConnection.java:182)
	at py4j.ClientServerConnection.run(ClientServerConnection.java:106)
	at java.base/java.lang.Thread.run(Thread.java:829)
Caused by: java.sql.BatchUpdateException: Batch entry 0 INSERT INTO dw.fact_review ("review_id","user_key","business_key","time_key","stars","useful","funny","cool","text_length") VALUES (('MD_w32AJdcWCpXPN1Ik04Q'),('80395'::int4),('120890'::int4),('2018070700'::int4),('5.0'::numeric),('0'::int4),('0'::int4),('0'::int4),('114'::int4)) was aborted: ERROR: duplicate key value violates unique constraint "fact_review_review_id_key"
  Detail: Key (review_id)=(MD_w32AJdcWCpXPN1Ik04Q) already exists.  Call getNextException to see other errors in the batch.
	at org.postgresql.jdbc.BatchResultHandler.handleError(BatchResultHandler.java:165)
	at org.postgresql.core.ResultHandlerDelegate.handleError(ResultHandlerDelegate.java:52)
	at org.postgresql.core.v3.QueryExecutorImpl.processResults(QueryExecutorImpl.java:2421)
	at org.postgresql.core.v3.QueryExecutorImpl.processResults(QueryExecutorImpl.java:2153)
	at org.postgresql.core.v3.QueryExecutorImpl.flushIfDeadlockRisk(QueryExecutorImpl.java:1503)
	at org.postgresql.core.v3.QueryExecutorImpl.sendQuery(QueryExecutorImpl.java:1528)
	at org.postgresql.core.v3.QueryExecutorImpl.execute(QueryExecutorImpl.java:566)
	at org.postgresql.jdbc.PgStatement.internalExecuteBatch(PgStatement.java:888)
	at org.postgresql.jdbc.PgStatement.executeBatch(PgStatement.java:912)
	at org.postgresql.jdbc.PgPreparedStatement.executeBatch(PgPreparedStatement.java:1739)
	at org.apache.spark.sql.execution.datasources.jdbc.JdbcUtils$.savePartition(JdbcUtils.scala:748)
	at org.apache.spark.sql.execution.datasources.jdbc.JdbcUtils$.$anonfun$saveTable$1(JdbcUtils.scala:904)
	at org.apache.spark.sql.execution.datasources.jdbc.JdbcUtils$.$anonfun$saveTable$1$adapted(JdbcUtils.scala:903)
	at org.apache.spark.rdd.RDD.$anonfun$foreachPartition$2(RDD.scala:1039)
	at org.apache.spark.rdd.RDD.$anonfun$foreachPartition$2$adapted(RDD.scala:1039)
	at org.apache.spark.SparkContext.$anonfun$runJob$5(SparkContext.scala:2433)
	at org.apache.spark.scheduler.ResultTask.runTask(ResultTask.scala:93)
	at org.apache.spark.TaskContext.runTaskWithListeners(TaskContext.scala:166)
	at org.apache.spark.scheduler.Task.run(Task.scala:141)
	at org.apache.spark.executor.Executor$TaskRunner.$anonfun$run$4(Executor.scala:621)
	at org.apache.spark.util.SparkErrorUtils.tryWithSafeFinally(SparkErrorUtils.scala:64)
	at org.apache.spark.util.SparkErrorUtils.tryWithSafeFinally$(SparkErrorUtils.scala:61)
	at org.apache.spark.util.Utils$.tryWithSafeFinally(Utils.scala:94)
	at org.apache.spark.executor.Executor$TaskRunner.run(Executor.scala:624)
	at java.base/java.util.concurrent.ThreadPoolExecutor.runWorker(ThreadPoolExecutor.java:1128)
	at java.base/java.util.concurrent.ThreadPoolExecutor$Worker.run(ThreadPoolExecutor.java:628)
	... 1 more
Caused by: org.postgresql.util.PSQLException: ERROR: duplicate key value violates unique constraint "fact_review_review_id_key"
  Detail: Key (review_id)=(MD_w32AJdcWCpXPN1Ik04Q) already exists.
	at org.postgresql.core.v3.QueryExecutorImpl.receiveErrorResponse(QueryExecutorImpl.java:2733)
	at org.postgresql.core.v3.QueryExecutorImpl.processResults(QueryExecutorImpl.java:2420)
	... 24 more

2025-08-27 12:38:51,098 [INFO] py4j.clientserver: Closing down clientserver connection
2025-08-27 12:39:14,350 [INFO] config.logger_config: ▶️ Start reading table stg.stg_checkin from database postgres
2025-08-27 12:39:23,381 [INFO] config.logger_config: ✅ Successfully read stg.stg_checkin (rows: 131930)
2025-08-27 12:39:23,385 [INFO] config.logger_config: ▶️ Start reading table dw.dim_business from database postgres
2025-08-27 12:39:24,029 [INFO] config.logger_config: ✅ Successfully read dw.dim_business (rows: 150346)
2025-08-27 12:39:24,030 [INFO] config.logger_config: ▶️ Start reading table dw.dim_time from database postgres
2025-08-27 12:39:24,544 [INFO] config.logger_config: ✅ Successfully read dw.dim_time (rows: 148057)
2025-08-27 12:39:25,078 [INFO] config.logger_config: ✅ Successful transform fact_checkin!
2025-08-27 12:42:34,603 [INFO] config.logger_config: Successful loaded to dw.fact_checkin
2025-08-27 12:42:35,049 [INFO] py4j.clientserver: Closing down clientserver connection
